Watching for file changes with StatReloader
Waiting for apps ready_event.
Apps ready_event triggered. Sending autoreload_started signal.
Watching dir /Users/hai/Desktop/project2/python_search_engine/engine/templates with glob **/*.
Watching dir /Users/hai/Desktop/project2/python_search_engine/locale with glob **/*.mo.
Watching dir /Users/hai/Desktop/project2/python_search_engine/engine/locale with glob **/*.mo.
(0.001) 
            SELECT name, type FROM sqlite_master
            WHERE type in ('table', 'view') AND NOT name='sqlite_sequence'
            ORDER BY name; args=None; alias=default
(0.001) SELECT "django_migrations"."id", "django_migrations"."app", "django_migrations"."name", "django_migrations"."applied" FROM "django_migrations"; args=(); alias=default
File /Library/Frameworks/Python.framework/Versions/3.9/lib/python3.9/site-packages/django/contrib/sites/shortcuts.py first seen with mtime 1653454700.5822642
File /Library/Frameworks/Python.framework/Versions/3.9/lib/python3.9/decimal.py first seen with mtime 1630355974.0
File /Library/Frameworks/Python.framework/Versions/3.9/lib/python3.9/site-packages/selenium/webdriver/support/__init__.py first seen with mtime 1662701230.0012848
File /Library/Frameworks/Python.framework/Versions/3.9/lib/python3.9/site-packages/requests/utils.py first seen with mtime 1656112556.692838
File /Library/Frameworks/Python.framework/Versions/3.9/lib/python3.9/site-packages/sqlparse/formatter.py first seen with mtime 1653454698.7541702
File /Library/Frameworks/Python.framework/Versions/3.9/lib/python3.9/site-packages/charset_normalizer/models.py first seen with mtime 1656112556.622753
File /Library/Frameworks/Python.framework/Versions/3.9/lib/python3.9/posixpath.py first seen with mtime 1630355974.0
File /Library/Frameworks/Python.framework/Versions/3.9/lib/python3.9/site-packages/django/template/backends/__init__.py first seen with mtime 1653454700.8371637
File /Library/Frameworks/Python.framework/Versions/3.9/lib/python3.9/types.py first seen with mtime 1630355974.0
File /Library/Frameworks/Python.framework/Versions/3.9/lib/python3.9/site-packages/sqlparse/sql.py first seen with mtime 1653454698.755739
File /Library/Frameworks/Python.framework/Versions/3.9/lib/python3.9/site-packages/selenium/webdriver/chromium/webdriver.py first seen with mtime 1662701229.8688788
File /Library/Frameworks/Python.framework/Versions/3.9/lib/python3.9/base64.py first seen with mtime 1630355974.0
File /Library/Frameworks/Python.framework/Versions/3.9/lib/python3.9/site-packages/django/dispatch/__init__.py first seen with mtime 1653454700.7818782
File /Library/Frameworks/Python.framework/Versions/3.9/lib/python3.9/site-packages/django/template/loader_tags.py first seen with mtime 1653454700.8355317
File /Library/Frameworks/Python.framework/Versions/3.9/lib/python3.9/site-packages/django/db/migrations/utils.py first seen with mtime 1653454700.757545
File /Library/Frameworks/Python.framework/Versions/3.9/lib/python3.9/lib-dynload/_pickle.cpython-39-darwin.so first seen with mtime 1630356224.0
File /Library/Frameworks/Python.framework/Versions/3.9/lib/python3.9/lib-dynload/_random.cpython-39-darwin.so first seen with mtime 1630356224.0
File /Library/Frameworks/Python.framework/Versions/3.9/lib/python3.9/site-packages/django/views/static.py first seen with mtime 1653454700.8743854
File /Library/Frameworks/Python.framework/Versions/3.9/lib/python3.9/json/scanner.py first seen with mtime 1630355976.0
File /Library/Frameworks/Python.framework/Versions/3.9/lib/python3.9/asyncio/locks.py first seen with mtime 1630355975.0
File /Library/Frameworks/Python.framework/Versions/3.9/lib/python3.9/site-packages/django/db/backends/ddl_references.py first seen with mtime 1653454700.727996
File /Library/Frameworks/Python.framework/Versions/3.9/lib/python3.9/site-packages/urllib3/response.py first seen with mtime 1656112556.3431697
File /Library/Frameworks/Python.framework/Versions/3.9/lib/python3.9/site-packages/django/db/backends/signals.py first seen with mtime 1653454700.7284076
File /Library/Frameworks/Python.framework/Versions/3.9/lib/python3.9/site-packages/django/contrib/staticfiles/handlers.py first seen with mtime 1653454700.6780913
File /Library/Frameworks/Python.framework/Versions/3.9/lib/python3.9/site-packages/django/db/backends/sqlite3/client.py first seen with mtime 1653454700.7491553
File /Library/Frameworks/Python.framework/Versions/3.9/lib/python3.9/site-packages/django/utils/encoding.py first seen with mtime 1653454700.8594418
File /Library/Frameworks/Python.framework/Versions/3.9/lib/python3.9/site-packages/django/contrib/admin/views/main.py first seen with mtime 1653454699.4792228
File /Library/Frameworks/Python.framework/Versions/3.9/lib/python3.9/json/encoder.py first seen with mtime 1630355976.0
File /Library/Frameworks/Python.framework/Versions/3.9/lib/python3.9/site-packages/django/contrib/auth/admin.py first seen with mtime 1653454699.600877
File /Library/Frameworks/Python.framework/Versions/3.9/lib/python3.9/site-packages/charset_normalizer/version.py first seen with mtime 1656112556.624021
File /Library/Frameworks/Python.framework/Versions/3.9/lib/python3.9/site-packages/django/db/migrations/operations/__init__.py first seen with mtime 1653454700.7585835
File /Library/Frameworks/Python.framework/Versions/3.9/lib/python3.9/_compat_pickle.py first seen with mtime 1630355974.0
File /Library/Frameworks/Python.framework/Versions/3.9/lib/python3.9/site-packages/urllib3/packages/six.py first seen with mtime 1656112556.348901
File /Library/Frameworks/Python.framework/Versions/3.9/lib/python3.9/site-packages/django/contrib/messages/middleware.py first seen with mtime 1653454700.278996
File /Library/Frameworks/Python.framework/Versions/3.9/lib/python3.9/site-packages/django/db/models/functions/mixins.py first seen with mtime 1653454700.7767582
File /Library/Frameworks/Python.framework/Versions/3.9/lib/python3.9/site-packages/django/core/mail/message.py first seen with mtime 1653454700.705233
File /Library/Frameworks/Python.framework/Versions/3.9/lib/python3.9/site-packages/django/db/models/aggregates.py first seen with mtime 1653454700.7613947
File /Library/Frameworks/Python.framework/Versions/3.9/lib/python3.9/lib-dynload/fcntl.cpython-39-darwin.so first seen with mtime 1630356226.0
File /Library/Frameworks/Python.framework/Versions/3.9/lib/python3.9/site-packages/django/utils/text.py first seen with mtime 1653454700.8672328
File /Library/Frameworks/Python.framework/Versions/3.9/lib/python3.9/site-packages/django/contrib/auth/validators.py first seen with mtime 1653454699.6092124
File /Library/Frameworks/Python.framework/Versions/3.9/lib/python3.9/site-packages/django/contrib/auth/tokens.py first seen with mtime 1653454699.6082816
File /Library/Frameworks/Python.framework/Versions/3.9/lib/python3.9/site-packages/django/core/files/locks.py first seen with mtime 1653454700.6997173
File /Library/Frameworks/Python.framework/Versions/3.9/lib/python3.9/sre_constants.py first seen with mtime 1630355974.0
File /Library/Frameworks/Python.framework/Versions/3.9/lib/python3.9/asyncio/unix_events.py first seen with mtime 1630355975.0
File /Library/Frameworks/Python.framework/Versions/3.9/lib/python3.9/_compression.py first seen with mtime 1630355974.0
File /Library/Frameworks/Python.framework/Versions/3.9/lib/python3.9/email/mime/nonmultipart.py first seen with mtime 1630355976.0
File /Library/Frameworks/Python.framework/Versions/3.9/lib/python3.9/site-packages/django/core/checks/security/csrf.py first seen with mtime 1653454700.6974323
File /Library/Frameworks/Python.framework/Versions/3.9/lib/python3.9/gzip.py first seen with mtime 1630355974.0
File /Library/Frameworks/Python.framework/Versions/3.9/lib/python3.9/_collections_abc.py first seen with mtime 1630355974.0
File /Library/Frameworks/Python.framework/Versions/3.9/lib/python3.9/site-packages/sqlparse/__init__.py first seen with mtime 1653454698.7520587
File /Library/Frameworks/Python.framework/Versions/3.9/lib/python3.9/lib-dynload/_lzma.cpython-39-darwin.so first seen with mtime 1630356224.0
File /Library/Frameworks/Python.framework/Versions/3.9/lib/python3.9/site-packages/charset_normalizer/cd.py first seen with mtime 1656112556.620351
File /Library/Frameworks/Python.framework/Versions/3.9/lib/python3.9/site-packages/sqlparse/lexer.py first seen with mtime 1653454698.7551038
File /Library/Frameworks/Python.framework/Versions/3.9/lib/python3.9/site-packages/requests/certs.py first seen with mtime 1656112556.687571
File /Library/Frameworks/Python.framework/Versions/3.9/lib/python3.9/site-packages/selenium/webdriver/ie/__init__.py first seen with mtime 1662701229.9886205
File /Library/Frameworks/Python.framework/Versions/3.9/lib/python3.9/site-packages/requests/_internal_utils.py first seen with mtime 1656112556.6855311
File /Library/Frameworks/Python.framework/Versions/3.9/lib/python3.9/ssl.py first seen with mtime 1630355974.0
File /Library/Frameworks/Python.framework/Versions/3.9/lib/python3.9/http/server.py first seen with mtime 1630355976.0
File /Library/Frameworks/Python.framework/Versions/3.9/lib/python3.9/site-packages/django/core/cache/__init__.py first seen with mtime 1653454700.6873078
File /Library/Frameworks/Python.framework/Versions/3.9/lib/python3.9/site-packages/django/db/backends/sqlite3/operations.py first seen with mtime 1653454700.7509184
File /Library/Frameworks/Python.framework/Versions/3.9/lib/python3.9/collections/__init__.py first seen with mtime 1630355976.0
File /Library/Frameworks/Python.framework/Versions/3.9/lib/python3.9/site-packages/django/core/serializers/json.py first seen with mtime 1653454700.7230904
File /Library/Frameworks/Python.framework/Versions/3.9/lib/python3.9/lib-dynload/_datetime.cpython-39-darwin.so first seen with mtime 1630356223.0
File /Library/Frameworks/Python.framework/Versions/3.9/lib/python3.9/site-packages/selenium/webdriver/firefox/firefox_binary.py first seen with mtime 1662701229.9851732
File /Library/Frameworks/Python.framework/Versions/3.9/lib/python3.9/site-packages/django/urls/base.py first seen with mtime 1653454700.8490856
File /Library/Frameworks/Python.framework/Versions/3.9/lib/python3.9/site-packages/django/db/models/manager.py first seen with mtime 1653454700.7659183
File /Library/Frameworks/Python.framework/Versions/3.9/lib/python3.9/site-packages/django/db/backends/base/schema.py first seen with mtime 1653454700.7332122
File /Users/hai/Desktop/project2/python_search_engine/python_search_engine/urls.py first seen with mtime 1656118288.2285113
File /Library/Frameworks/Python.framework/Versions/3.9/lib/python3.9/email/charset.py first seen with mtime 1630355976.0
File /Library/Frameworks/Python.framework/Versions/3.9/lib/python3.9/site-packages/urllib3/contrib/__init__.py first seen with mtime 1656112556.3435743
File /Library/Frameworks/Python.framework/Versions/3.9/lib/python3.9/site-packages/django/core/cache/backends/base.py first seen with mtime 1653454700.6885433
File /Library/Frameworks/Python.framework/Versions/3.9/lib/python3.9/site-packages/certifi/__init__.py first seen with mtime 1656112556.6695554
File /Library/Frameworks/Python.framework/Versions/3.9/lib/python3.9/logging/config.py first seen with mtime 1630355976.0
File /Library/Frameworks/Python.framework/Versions/3.9/lib/python3.9/site-packages/django/db/models/expressions.py first seen with mtime 1653454700.7645013
File /Library/Frameworks/Python.framework/Versions/3.9/lib/python3.9/xml/__init__.py first seen with mtime 1630355976.0
File /Library/Frameworks/Python.framework/Versions/3.9/lib/python3.9/site-packages/django/contrib/admin/templatetags/admin_list.py first seen with mtime 1653454699.4752812
File /Library/Frameworks/Python.framework/Versions/3.9/lib/python3.9/site-packages/django/core/handlers/asgi.py first seen with mtime 1653454700.70303
File /Library/Frameworks/Python.framework/Versions/3.9/lib/python3.9/site-packages/django/db/models/enums.py first seen with mtime 1653454700.7639165
File /Library/Frameworks/Python.framework/Versions/3.9/lib/python3.9/re.py first seen with mtime 1630355974.0
File /Library/Frameworks/Python.framework/Versions/3.9/lib/python3.9/site-packages/urllib3/util/wait.py first seen with mtime 1656112556.356583
File /Library/Frameworks/Python.framework/Versions/3.9/lib/python3.9/site-packages/django/contrib/contenttypes/__init__.py first seen with mtime 1653454699.7405164
File /Library/Frameworks/Python.framework/Versions/3.9/lib/python3.9/platform.py first seen with mtime 1630355974.0
File /Library/Frameworks/Python.framework/Versions/3.9/lib/python3.9/site-packages/django/db/models/sql/constants.py first seen with mtime 1653454700.779205
File /Library/Frameworks/Python.framework/Versions/3.9/lib/python3.9/site-packages/django/core/checks/__init__.py first seen with mtime 1653454700.6916306
File /Library/Frameworks/Python.framework/Versions/3.9/lib/python3.9/site-packages/django/core/handlers/base.py first seen with mtime 1653454700.7034962
File /Library/Frameworks/Python.framework/Versions/3.9/lib/python3.9/site-packages/urllib3/util/timeout.py first seen with mtime 1656112556.3552072
File /Library/Frameworks/Python.framework/Versions/3.9/lib/python3.9/site-packages/selenium/webdriver/chromium/remote_connection.py first seen with mtime 1662701229.8679926
File /Library/Frameworks/Python.framework/Versions/3.9/lib/python3.9/site-packages/django/middleware/common.py first seen with mtime 1653454700.82803
File /Library/Frameworks/Python.framework/Versions/3.9/lib/python3.9/zipfile.py first seen with mtime 1630355974.0
File /Library/Frameworks/Python.framework/Versions/3.9/lib/python3.9/site-packages/idna/core.py first seen with mtime 1656112556.4671738
File /Library/Frameworks/Python.framework/Versions/3.9/lib/python3.9/site-packages/django/db/models/fields/related.py first seen with mtime 1653454700.7717645
File /Library/Frameworks/Python.framework/Versions/3.9/lib/python3.9/site-packages/charset_normalizer/assets/__init__.py first seen with mtime 1656112556.624846
File /Library/Frameworks/Python.framework/Versions/3.9/lib/python3.9/pprint.py first seen with mtime 1630355974.0
File /Library/Frameworks/Python.framework/Versions/3.9/lib/python3.9/site-packages/django/core/checks/caches.py first seen with mtime 1653454700.6924233
File /Library/Frameworks/Python.framework/Versions/3.9/lib/python3.9/site-packages/django/core/checks/security/__init__.py first seen with mtime 1653454700.6966257
File /Users/hai/Desktop/project2/python_search_engine/python_search_engine/__init__.py first seen with mtime 1656118025.1209366
File /Library/Frameworks/Python.framework/Versions/3.9/lib/python3.9/asyncio/format_helpers.py first seen with mtime 1630355975.0
File /Library/Frameworks/Python.framework/Versions/3.9/lib/python3.9/site-packages/django/views/i18n.py first seen with mtime 1653454700.8739839
File /Library/Frameworks/Python.framework/Versions/3.9/lib/python3.9/site-packages/django/utils/datastructures.py first seen with mtime 1653454700.8554783
File /Library/Frameworks/Python.framework/Versions/3.9/lib/python3.9/ntpath.py first seen with mtime 1630355974.0
File /Library/Frameworks/Python.framework/Versions/3.9/lib/python3.9/site-packages/selenium/webdriver/remote/switch_to.py first seen with mtime 1662701229.996544
File /Library/Frameworks/Python.framework/Versions/3.9/lib/python3.9/site-packages/django/contrib/staticfiles/checks.py first seen with mtime 1653454700.6771605
File /Library/Frameworks/Python.framework/Versions/3.9/lib/python3.9/logging/handlers.py first seen with mtime 1630355976.0
File /Library/Frameworks/Python.framework/Versions/3.9/lib/python3.9/site-packages/selenium/webdriver/common/actions/interaction.py first seen with mtime 1662701229.8716044
File /Library/Frameworks/Python.framework/Versions/3.9/lib/python3.9/site-packages/urllib3/util/proxy.py first seen with mtime 1656112556.3514206
File /Library/Frameworks/Python.framework/Versions/3.9/lib/python3.9/asyncio/__init__.py first seen with mtime 1630355975.0
File /Library/Frameworks/Python.framework/Versions/3.9/lib/python3.9/site-packages/django/templatetags/tz.py first seen with mtime 1653454700.8440313
File /Library/Frameworks/Python.framework/Versions/3.9/lib/python3.9/site-packages/requests/cookies.py first seen with mtime 1656112556.6885204
File /Library/Frameworks/Python.framework/Versions/3.9/lib/python3.9/site-packages/django/urls/utils.py first seen with mtime 1653454700.8511562
File /Library/Frameworks/Python.framework/Versions/3.9/lib/python3.9/uu.py first seen with mtime 1630355974.0
File /Library/Frameworks/Python.framework/Versions/3.9/lib/python3.9/site-packages/sqlparse/filters/tokens.py first seen with mtime 1653454698.7628677
File /Users/hai/Desktop/project2/python_search_engine/engine/admin.py first seen with mtime 1656118039.519348
File /Library/Frameworks/Python.framework/Versions/3.9/lib/python3.9/unittest/runner.py first seen with mtime 1630355977.0
File /Library/Frameworks/Python.framework/Versions/3.9/lib/python3.9/asyncio/base_tasks.py first seen with mtime 1630355975.0
File /Library/Frameworks/Python.framework/Versions/3.9/lib/python3.9/difflib.py first seen with mtime 1630355974.0
File /Library/Frameworks/Python.framework/Versions/3.9/lib/python3.9/site-packages/django/__init__.py first seen with mtime 1653454698.9551427
File /Library/Frameworks/Python.framework/Versions/3.9/lib/python3.9/site-packages/django/db/migrations/operations/models.py first seen with mtime 1653454700.7600908
File /Library/Frameworks/Python.framework/Versions/3.9/lib/python3.9/lib-dynload/_opcode.cpython-39-darwin.so first seen with mtime 1630356224.0
File /Library/Frameworks/Python.framework/Versions/3.9/lib/python3.9/site-packages/urllib3/__init__.py first seen with mtime 1656112556.3369288
File /Library/Frameworks/Python.framework/Versions/3.9/lib/python3.9/site-packages/selenium/webdriver/chromium/__init__.py first seen with mtime 1662701229.8671093
File /Library/Frameworks/Python.framework/Versions/3.9/lib/python3.9/site-packages/django/core/serializers/python.py first seen with mtime 1653454700.7239516
File /Library/Frameworks/Python.framework/Versions/3.9/lib/python3.9/copy.py first seen with mtime 1630355974.0
File /Library/Frameworks/Python.framework/Versions/3.9/lib/python3.9/site-packages/selenium/webdriver/chrome/webdriver.py first seen with mtime 1662701229.8666167
File /Library/Frameworks/Python.framework/Versions/3.9/lib/python3.9/site-packages/django/utils/functional.py first seen with mtime 1653454700.8607774
File /Library/Frameworks/Python.framework/Versions/3.9/lib/python3.9/encodings/utf_8.py first seen with mtime 1630355976.0
File /Library/Frameworks/Python.framework/Versions/3.9/lib/python3.9/threading.py first seen with mtime 1630355974.0
File /Library/Frameworks/Python.framework/Versions/3.9/lib/python3.9/site-packages/selenium/webdriver/remote/command.py first seen with mtime 1662701229.9913077
File /Library/Frameworks/Python.framework/Versions/3.9/lib/python3.9/email/_encoded_words.py first seen with mtime 1630355976.0
File /Library/Frameworks/Python.framework/Versions/3.9/lib/python3.9/site-packages/django/db/models/sql/datastructures.py first seen with mtime 1653454700.7796297
File /Library/Frameworks/Python.framework/Versions/3.9/lib/python3.9/site-packages/django/core/files/__init__.py first seen with mtime 1653454700.6983478
File /Library/Frameworks/Python.framework/Versions/3.9/lib/python3.9/site-packages/charset_normalizer/legacy.py first seen with mtime 1656112556.6216273
File /Library/Frameworks/Python.framework/Versions/3.9/lib/python3.9/site-packages/idna/package_data.py first seen with mtime 1656112556.4685476
File /Library/Frameworks/Python.framework/Versions/3.9/lib/python3.9/site-packages/django/db/backends/base/introspection.py first seen with mtime 1653454700.731915
File /Library/Frameworks/Python.framework/Versions/3.9/lib/python3.9/site-packages/django/template/response.py first seen with mtime 1653454700.8359406
File /Library/Frameworks/Python.framework/Versions/3.9/lib/python3.9/queue.py first seen with mtime 1630355974.0
File /Library/Frameworks/Python.framework/Versions/3.9/lib/python3.9/site-packages/requests/hooks.py first seen with mtime 1656112556.6898067
File /Library/Frameworks/Python.framework/Versions/3.9/lib/python3.9/email/policy.py first seen with mtime 1630355976.0
File /Library/Frameworks/Python.framework/Versions/3.9/lib/python3.9/site-packages/django/db/backends/base/base.py first seen with mtime 1653454700.7297158
File /Library/Frameworks/Python.framework/Versions/3.9/lib/python3.9/site-packages/selenium/types.py first seen with mtime 1662701229.8636541
File /Library/Frameworks/Python.framework/Versions/3.9/lib/python3.9/site-packages/django/core/exceptions.py first seen with mtime 1653454700.6846354
File /Library/Frameworks/Python.framework/Versions/3.9/lib/python3.9/site-packages/django/apps/registry.py first seen with mtime 1653454698.9586372
File /Library/Frameworks/Python.framework/Versions/3.9/lib/python3.9/site-packages/django/db/models/functions/text.py first seen with mtime 1653454700.7771816
File /Library/Frameworks/Python.framework/Versions/3.9/lib/python3.9/site-packages/django/contrib/sessions/__init__.py first seen with mtime 1653454700.4753718
File /Library/Frameworks/Python.framework/Versions/3.9/lib/python3.9/argparse.py first seen with mtime 1630355974.0
File /Library/Frameworks/Python.framework/Versions/3.9/lib/python3.9/site-packages/django/contrib/admin/__init__.py first seen with mtime 1653454699.142963
File /Library/Frameworks/Python.framework/Versions/3.9/lib/python3.9/opcode.py first seen with mtime 1630355974.0
File /Library/Frameworks/Python.framework/Versions/3.9/lib/python3.9/site-packages/django/core/files/move.py first seen with mtime 1653454700.7001288
File /Library/Frameworks/Python.framework/Versions/3.9/lib/python3.9/site-packages/django/db/models/deletion.py first seen with mtime 1653454700.763529
File /Library/Frameworks/Python.framework/Versions/3.9/lib/python3.9/email/base64mime.py first seen with mtime 1630355976.0
File /Library/Frameworks/Python.framework/Versions/3.9/lib/python3.9/email/headerregistry.py first seen with mtime 1630355976.0
File /Library/Frameworks/Python.framework/Versions/3.9/lib/python3.9/site-packages/sqlparse/engine/filter_stack.py first seen with mtime 1653454698.7578838
File /Library/Frameworks/Python.framework/Versions/3.9/lib/python3.9/site-packages/selenium/webdriver/common/html5/__init__.py first seen with mtime 1662701229.9763699
File /Library/Frameworks/Python.framework/Versions/3.9/lib/python3.9/site-packages/selenium/webdriver/firefox/firefox_profile.py first seen with mtime 1662701229.9856577
File /Library/Frameworks/Python.framework/Versions/3.9/lib/python3.9/site-packages/django/db/backends/sqlite3/creation.py first seen with mtime 1653454700.7495801
File /Library/Frameworks/Python.framework/Versions/3.9/lib/python3.9/site-packages/django/contrib/auth/hashers.py first seen with mtime 1653454699.605501
File /Library/Frameworks/Python.framework/Versions/3.9/lib/python3.9/site-packages/django/urls/converters.py first seen with mtime 1653454700.849876
File /Library/Frameworks/Python.framework/Versions/3.9/lib/python3.9/site-packages/django/contrib/messages/api.py first seen with mtime 1653454700.2769575
File /Library/Frameworks/Python.framework/Versions/3.9/lib/python3.9/calendar.py first seen with mtime 1630355974.0
File /Library/Frameworks/Python.framework/Versions/3.9/lib/python3.9/site-packages/urllib3/util/retry.py first seen with mtime 1656112556.3533375
File /Library/Frameworks/Python.framework/Versions/3.9/lib/python3.9/site-packages/django/contrib/contenttypes/models.py first seen with mtime 1653454699.7437367
File /Library/Frameworks/Python.framework/Versions/3.9/lib/python3.9/site-packages/django/forms/__init__.py first seen with mtime 1653454700.78313
File /Library/Frameworks/Python.framework/Versions/3.9/lib/python3.9/site-packages/django/views/debug.py first seen with mtime 1653454700.8731475
File /Library/Frameworks/Python.framework/Versions/3.9/lib/python3.9/_markupbase.py first seen with mtime 1630355974.0
File /Library/Frameworks/Python.framework/Versions/3.9/lib/python3.9/gettext.py first seen with mtime 1630355974.0
File /Library/Frameworks/Python.framework/Versions/3.9/lib/python3.9/fnmatch.py first seen with mtime 1630355974.0
File /Library/Frameworks/Python.framework/Versions/3.9/lib/python3.9/site-packages/django/contrib/auth/signals.py first seen with mtime 1653454699.607788
File /Library/Frameworks/Python.framework/Versions/3.9/lib/python3.9/email/_parseaddr.py first seen with mtime 1630355976.0
File /Library/Frameworks/Python.framework/Versions/3.9/lib/python3.9/site-packages/selenium/webdriver/common/actions/mouse_button.py first seen with mtime 1662701229.8729565
File /Library/Frameworks/Python.framework/Versions/3.9/lib/python3.9/_sitebuiltins.py first seen with mtime 1630355974.0
File /Library/Frameworks/Python.framework/Versions/3.9/lib/python3.9/functools.py first seen with mtime 1630355974.0
File /Library/Frameworks/Python.framework/Versions/3.9/lib/python3.9/site-packages/selenium/webdriver/chromium/options.py first seen with mtime 1662701229.8675575
File /Library/Frameworks/Python.framework/Versions/3.9/lib/python3.9/site-packages/selenium/webdriver/common/utils.py first seen with mtime 1662701229.9810488
File /Library/Frameworks/Python.framework/Versions/3.9/lib/python3.9/site-packages/django/template/loaders/filesystem.py first seen with mtime 1653454700.841146
File /Library/Frameworks/Python.framework/Versions/3.9/lib/python3.9/site-packages/django/contrib/sites/__init__.py first seen with mtime 1653454700.5784698
File /Library/Frameworks/Python.framework/Versions/3.9/lib/python3.9/site-packages/django/utils/deconstruct.py first seen with mtime 1653454700.8574858
File /Library/Frameworks/Python.framework/Versions/3.9/lib/python3.9/html/__init__.py first seen with mtime 1630355976.0
File /Library/Frameworks/Python.framework/Versions/3.9/lib/python3.9/site-packages/django/utils/dates.py first seen with mtime 1653454700.8567016
File /Library/Frameworks/Python.framework/Versions/3.9/lib/python3.9/site-packages/urllib3/poolmanager.py first seen with mtime 1656112556.3421204
File /Library/Frameworks/Python.framework/Versions/3.9/lib/python3.9/site-packages/selenium/webdriver/remote/file_detector.py first seen with mtime 1662701229.9921913
File /Library/Frameworks/Python.framework/Versions/3.9/lib/python3.9/warnings.py first seen with mtime 1630355974.0
File /Library/Frameworks/Python.framework/Versions/3.9/lib/python3.9/site-packages/django/core/checks/compatibility/__init__.py first seen with mtime 1653454700.695912
File /Library/Frameworks/Python.framework/Versions/3.9/lib/python3.9/lib-dynload/_blake2.cpython-39-darwin.so first seen with mtime 1630356222.0
File /Library/Frameworks/Python.framework/Versions/3.9/lib/python3.9/lib-dynload/_hashlib.cpython-39-darwin.so first seen with mtime 1630356224.0
File /Library/Frameworks/Python.framework/Versions/3.9/lib/python3.9/lib-dynload/_socket.cpython-39-darwin.so first seen with mtime 1630356225.0
File /Library/Frameworks/Python.framework/Versions/3.9/lib/python3.9/site-packages/bs4/builder/_htmlparser.py first seen with mtime 1656112524.5035987
File /Library/Frameworks/Python.framework/Versions/3.9/lib/python3.9/lib-dynload/_scproxy.cpython-39-darwin.so first seen with mtime 1630356225.0
File /Library/Frameworks/Python.framework/Versions/3.9/lib/python3.9/random.py first seen with mtime 1630355974.0
File /Library/Frameworks/Python.framework/Versions/3.9/lib/python3.9/site-packages/urllib3/util/request.py first seen with mtime 1656112556.3523521
File /Library/Frameworks/Python.framework/Versions/3.9/lib/python3.9/site-packages/selenium/webdriver/common/actions/pointer_actions.py first seen with mtime 1662701229.8734221
File /Library/Frameworks/Python.framework/Versions/3.9/lib/python3.9/site-packages/django/utils/dateparse.py first seen with mtime 1653454700.8563185
File /Library/Frameworks/Python.framework/Versions/3.9/lib/python3.9/lib-dynload/_decimal.cpython-39-darwin.so first seen with mtime 1630356223.0
File /Library/Frameworks/Python.framework/Versions/3.9/lib/python3.9/site-packages/django/core/signing.py first seen with mtime 1653454700.6859183
File /Library/Frameworks/Python.framework/Versions/3.9/lib/python3.9/unittest/suite.py first seen with mtime 1630355977.0
File /Library/Frameworks/Python.framework/Versions/3.9/lib/python3.9/lib-dynload/_multibytecodec.cpython-39-darwin.so first seen with mtime 1630356224.0
File /Library/Frameworks/Python.framework/Versions/3.9/lib/python3.9/bz2.py first seen with mtime 1630355974.0
File /Library/Frameworks/Python.framework/Versions/3.9/lib/python3.9/asyncio/tasks.py first seen with mtime 1630355975.0
File /Library/Frameworks/Python.framework/Versions/3.9/lib/python3.9/email/iterators.py first seen with mtime 1630355976.0
File /Library/Frameworks/Python.framework/Versions/3.9/lib/python3.9/site-packages/django/contrib/__init__.py first seen with mtime 1653454699.1424766
File /Library/Frameworks/Python.framework/Versions/3.9/lib/python3.9/site-packages/requests/__version__.py first seen with mtime 1656112556.6851082
File /Library/Frameworks/Python.framework/Versions/3.9/lib/python3.9/site-packages/urllib3/_collections.py first seen with mtime 1656112556.3375657
File /Library/Frameworks/Python.framework/Versions/3.9/lib/python3.9/http/cookiejar.py first seen with mtime 1630355976.0
File /Library/Frameworks/Python.framework/Versions/3.9/lib/python3.9/site-packages/django/db/__init__.py first seen with mtime 1653454700.7262282
File /Library/Frameworks/Python.framework/Versions/3.9/lib/python3.9/lib-dynload/unicodedata.cpython-39-darwin.so first seen with mtime 1630356227.0
File /Library/Frameworks/Python.framework/Versions/3.9/lib/python3.9/_weakrefset.py first seen with mtime 1630355974.0
File /Library/Frameworks/Python.framework/Versions/3.9/lib/python3.9/site-packages/sqlparse/filters/aligned_indent.py first seen with mtime 1653454698.7605276
File /Library/Frameworks/Python.framework/Versions/3.9/lib/python3.9/keyword.py first seen with mtime 1630355974.0
File /Library/Frameworks/Python.framework/Versions/3.9/lib/python3.9/xml/dom/minicompat.py first seen with mtime 1630355976.0
File /Library/Frameworks/Python.framework/Versions/3.9/lib/python3.9/site-packages/selenium/webdriver/safari/webdriver.py first seen with mtime 1662701230.0008042
File /Library/Frameworks/Python.framework/Versions/3.9/lib/python3.9/zoneinfo/__init__.py first seen with mtime 1630355977.0
File /Library/Frameworks/Python.framework/Versions/3.9/lib/python3.9/site-packages/sqlparse/cli.py first seen with mtime 1653454698.752934
File /Library/Frameworks/Python.framework/Versions/3.9/lib/python3.9/site-packages/django/contrib/admin/widgets.py first seen with mtime 1653454699.1497808
File /Library/Frameworks/Python.framework/Versions/3.9/lib/python3.9/urllib/parse.py first seen with mtime 1630355976.0
File /Library/Frameworks/Python.framework/Versions/3.9/lib/python3.9/site-packages/django/core/checks/registry.py first seen with mtime 1653454700.694374
File /Library/Frameworks/Python.framework/Versions/3.9/lib/python3.9/site-packages/selenium/common/exceptions.py first seen with mtime 1662701229.8629317
File /Library/Frameworks/Python.framework/Versions/3.9/lib/python3.9/site-packages/sqlparse/engine/grouping.py first seen with mtime 1653454698.7588384
File /Library/Frameworks/Python.framework/Versions/3.9/lib/python3.9/wsgiref/simple_server.py first seen with mtime 1630355976.0
File /Library/Frameworks/Python.framework/Versions/3.9/lib/python3.9/site-packages/django/contrib/admin/helpers.py first seen with mtime 1653454699.146444
File /Library/Frameworks/Python.framework/Versions/3.9/lib/python3.9/site-packages/soupsieve/css_types.py first seen with mtime 1656112524.4485483
File /Library/Frameworks/Python.framework/Versions/3.9/lib/python3.9/fractions.py first seen with mtime 1630355974.0
File /Library/Frameworks/Python.framework/Versions/3.9/lib/python3.9/site-packages/selenium/webdriver/chrome/service.py first seen with mtime 1662701229.8661487
File /Library/Frameworks/Python.framework/Versions/3.9/lib/python3.9/site-packages/django/db/models/fields/related_lookups.py first seen with mtime 1653454700.7741683
File /Library/Frameworks/Python.framework/Versions/3.9/lib/python3.9/site-packages/django/template/__init__.py first seen with mtime 1653454700.8305497
File /Library/Frameworks/Python.framework/Versions/3.9/lib/python3.9/site-packages/django/contrib/sessions/models.py first seen with mtime 1653454700.477414
File /Library/Frameworks/Python.framework/Versions/3.9/lib/python3.9/site-packages/django/contrib/admin/models.py first seen with mtime 1653454699.1469674
File /Library/Frameworks/Python.framework/Versions/3.9/lib/python3.9/site-packages/django/utils/translation/trans_real.py first seen with mtime 1653454700.8718069
File /Library/Frameworks/Python.framework/Versions/3.9/lib/python3.9/site-packages/charset_normalizer/utils.py first seen with mtime 1656112556.623581
File /Library/Frameworks/Python.framework/Versions/3.9/lib/python3.9/site-packages/django/core/files/temp.py first seen with mtime 1653454700.7009919
File /Library/Frameworks/Python.framework/Versions/3.9/lib/python3.9/site-packages/django/utils/log.py first seen with mtime 1653454700.864139
File /Library/Frameworks/Python.framework/Versions/3.9/lib/python3.9/site-packages/lxml/__init__.py first seen with mtime 1656127028.2641683
File /Library/Frameworks/Python.framework/Versions/3.9/lib/python3.9/site-packages/requests/compat.py first seen with mtime 1656112556.6880193
File /Library/Frameworks/Python.framework/Versions/3.9/lib/python3.9/site-packages/selenium/webdriver/common/print_page_options.py first seen with mtime 1662701229.9792695
File /Library/Frameworks/Python.framework/Versions/3.9/lib/python3.9/site-packages/django/utils/timesince.py first seen with mtime 1653454700.8676627
File /Library/Frameworks/Python.framework/Versions/3.9/lib/python3.9/site-packages/django/db/models/base.py first seen with mtime 1653454700.7622159
File /Library/Frameworks/Python.framework/Versions/3.9/lib/python3.9/site-packages/django/db/models/functions/datetime.py first seen with mtime 1653454700.775949
File /Library/Frameworks/Python.framework/Versions/3.9/lib/python3.9/secrets.py first seen with mtime 1630355974.0
File /Library/Frameworks/Python.framework/Versions/3.9/lib/python3.9/site-packages/django/contrib/admin/sites.py first seen with mtime 1653454699.148353
File /Library/Frameworks/Python.framework/Versions/3.9/lib/python3.9/site-packages/django/core/wsgi.py first seen with mtime 1653454700.6868374
File /Library/Frameworks/Python.framework/Versions/3.9/lib/python3.9/site-packages/requests/api.py first seen with mtime 1656112556.6864672
File /Library/Frameworks/Python.framework/Versions/3.9/lib/python3.9/lib-dynload/array.cpython-39-darwin.so first seen with mtime 1630356226.0
File /Library/Frameworks/Python.framework/Versions/3.9/lib/python3.9/site-packages/idna/intranges.py first seen with mtime 1656112556.468152
File /Library/Frameworks/Python.framework/Versions/3.9/lib/python3.9/ipaddress.py first seen with mtime 1630355974.0
File /Library/Frameworks/Python.framework/Versions/3.9/lib/python3.9/site-packages/selenium/webdriver/common/action_chains.py first seen with mtime 1662701229.8698714
File /Library/Frameworks/Python.framework/Versions/3.9/lib/python3.9/inspect.py first seen with mtime 1630355974.0
File /Library/Frameworks/Python.framework/Versions/3.9/lib/python3.9/site-packages/django/contrib/messages/constants.py first seen with mtime 1653454700.277769
File /Library/Frameworks/Python.framework/Versions/3.9/lib/python3.9/site-packages/django/db/migrations/migration.py first seen with mtime 1653454700.7548091
File /Library/Frameworks/Python.framework/Versions/3.9/lib/python3.9/bisect.py first seen with mtime 1630355974.0
File /Library/Frameworks/Python.framework/Versions/3.9/lib/python3.9/site-packages/django/contrib/auth/forms.py first seen with mtime 1653454699.6049263
File /Library/Frameworks/Python.framework/Versions/3.9/lib/python3.9/site-packages/django/forms/models.py first seen with mtime 1653454700.7858176
File /Library/Frameworks/Python.framework/Versions/3.9/lib/python3.9/site-packages/django/utils/__init__.py first seen with mtime 1653454700.8515434
File /Library/Frameworks/Python.framework/Versions/3.9/lib/python3.9/site-packages/selenium/webdriver/common/actions/__init__.py first seen with mtime 1662701229.870356
File /Library/Frameworks/Python.framework/Versions/3.9/lib/python3.9/collections/abc.py first seen with mtime 1630355976.0
File /Library/Frameworks/Python.framework/Versions/3.9/lib/python3.9/lib-dynload/_sqlite3.cpython-39-darwin.so first seen with mtime 1630356225.0
File /Library/Frameworks/Python.framework/Versions/3.9/lib/python3.9/operator.py first seen with mtime 1630355974.0
File /Library/Frameworks/Python.framework/Versions/3.9/lib/python3.9/site-packages/django/utils/cache.py first seen with mtime 1653454700.85418
File /Library/Frameworks/Python.framework/Versions/3.9/lib/python3.9/site-packages/charset_normalizer/md.py first seen with mtime 1656112556.6222491
File /Library/Frameworks/Python.framework/Versions/3.9/lib/python3.9/site-packages/urllib3/util/connection.py first seen with mtime 1656112556.3507302
File /Library/Frameworks/Python.framework/Versions/3.9/lib/python3.9/sre_compile.py first seen with mtime 1630355974.0
File /Library/Frameworks/Python.framework/Versions/3.9/lib/python3.9/lib-dynload/zlib.cpython-39-darwin.so first seen with mtime 1630356227.0
File /Library/Frameworks/Python.framework/Versions/3.9/lib/python3.9/site-packages/urllib3/packages/__init__.py first seen with mtime 1656112556.3483176
File /Library/Frameworks/Python.framework/Versions/3.9/lib/python3.9/site-packages/selenium/webdriver/firefox/service.py first seen with mtime 1662701229.9871778
File /Library/Frameworks/Python.framework/Versions/3.9/lib/python3.9/site-packages/django/contrib/staticfiles/management/commands/__init__.py first seen with mtime 1653454700.680844
File /Library/Frameworks/Python.framework/Versions/3.9/lib/python3.9/site-packages/django/db/backends/sqlite3/schema.py first seen with mtime 1653454700.7515206
File /Library/Frameworks/Python.framework/Versions/3.9/lib/python3.9/site-packages/django/db/migrations/__init__.py first seen with mtime 1653454700.7519758
File /Library/Frameworks/Python.framework/Versions/3.9/lib/python3.9/site-packages/sqlparse/filters/output.py first seen with mtime 1653454698.761426
File /Library/Frameworks/Python.framework/Versions/3.9/lib/python3.9/site-packages/django/db/models/utils.py first seen with mtime 1653454700.7685263
File /Library/Frameworks/Python.framework/Versions/3.9/lib/python3.9/unittest/signals.py first seen with mtime 1630355977.0
File /Library/Frameworks/Python.framework/Versions/3.9/lib/python3.9/string.py first seen with mtime 1630355974.0
File /Library/Frameworks/Python.framework/Versions/3.9/lib/python3.9/email/mime/__init__.py first seen with mtime 1630355976.0
File /Library/Frameworks/Python.framework/Versions/3.9/lib/python3.9/email/__init__.py first seen with mtime 1630355976.0
File /Library/Frameworks/Python.framework/Versions/3.9/lib/python3.9/xml/etree/ElementPath.py first seen with mtime 1630355976.0
File /Library/Frameworks/Python.framework/Versions/3.9/lib/python3.9/site-packages/django/apps/__init__.py first seen with mtime 1653454698.957295
File /Library/Frameworks/Python.framework/Versions/3.9/lib/python3.9/site-packages/django/db/transaction.py first seen with mtime 1653454700.7266579
File /Library/Frameworks/Python.framework/Versions/3.9/lib/python3.9/site-packages/django/utils/tree.py first seen with mtime 1653454700.8688583
File /Library/Frameworks/Python.framework/Versions/3.9/lib/python3.9/site-packages/django/utils/inspect.py first seen with mtime 1653454700.86253
File /Library/Frameworks/Python.framework/Versions/3.9/lib/python3.9/site-packages/django/db/models/sql/__init__.py first seen with mtime 1653454700.7780387
File /Library/Frameworks/Python.framework/Versions/3.9/lib/python3.9/site-packages/urllib3/request.py first seen with mtime 1656112556.342571
File /Library/Frameworks/Python.framework/Versions/3.9/lib/python3.9/site-packages/django/views/generic/list.py first seen with mtime 1653454700.8807695
File /Library/Frameworks/Python.framework/Versions/3.9/lib/python3.9/xml/dom/__init__.py first seen with mtime 1630355976.0
File /Library/Frameworks/Python.framework/Versions/3.9/lib/python3.9/urllib/__init__.py first seen with mtime 1630355976.0
File /Library/Frameworks/Python.framework/Versions/3.9/lib/python3.9/site-packages/selenium/webdriver/webkitgtk/webdriver.py first seen with mtime 1662701230.0069041
File /Library/Frameworks/Python.framework/Versions/3.9/lib/python3.9/asyncio/protocols.py first seen with mtime 1630355975.0
File /Library/Frameworks/Python.framework/Versions/3.9/lib/python3.9/site-packages/django/utils/html.py first seen with mtime 1653454700.8616457
File /Library/Frameworks/Python.framework/Versions/3.9/lib/python3.9/unittest/util.py first seen with mtime 1630355977.0
File /Library/Frameworks/Python.framework/Versions/3.9/lib/python3.9/site-packages/django/db/migrations/graph.py first seen with mtime 1653454700.7539399
File /Library/Frameworks/Python.framework/Versions/3.9/lib/python3.9/site-packages/django/utils/dateformat.py first seen with mtime 1653454700.8559084
File /Library/Frameworks/Python.framework/Versions/3.9/lib/python3.9/site-packages/django/contrib/auth/__init__.py first seen with mtime 1653454699.6004395
File /Library/Frameworks/Python.framework/Versions/3.9/lib/python3.9/email/_policybase.py first seen with mtime 1630355976.0
File /Library/Frameworks/Python.framework/Versions/3.9/lib/python3.9/site-packages/django/db/models/indexes.py first seen with mtime 1653454700.7649305
File /Library/Frameworks/Python.framework/Versions/3.9/lib/python3.9/site-packages/django/views/generic/detail.py first seen with mtime 1653454700.8799257
File /Library/Frameworks/Python.framework/Versions/3.9/lib/python3.9/site-packages/django/views/decorators/__init__.py first seen with mtime 1653454700.874827
File /Library/Frameworks/Python.framework/Versions/3.9/lib/python3.9/site-packages/selenium/webdriver/chrome/options.py first seen with mtime 1662701229.8654833
File /Library/Frameworks/Python.framework/Versions/3.9/lib/python3.9/statistics.py first seen with mtime 1630355974.0
File /Library/Frameworks/Python.framework/Versions/3.9/lib/python3.9/site-packages/django/views/decorators/cache.py first seen with mtime 1653454700.8752475
File /Library/Frameworks/Python.framework/Versions/3.9/lib/python3.9/wsgiref/handlers.py first seen with mtime 1630355976.0
File /Library/Frameworks/Python.framework/Versions/3.9/lib/python3.9/site-packages/django/core/validators.py first seen with mtime 1653454700.6864195
File /Library/Frameworks/Python.framework/Versions/3.9/lib/python3.9/site-packages/django/template/engine.py first seen with mtime 1653454700.8338232
File /Library/Frameworks/Python.framework/Versions/3.9/lib/python3.9/site-packages/selenium/webdriver/wpewebkit/service.py first seen with mtime 1662701230.0081952
File /Library/Frameworks/Python.framework/Versions/3.9/lib/python3.9/site-packages/django/contrib/contenttypes/forms.py first seen with mtime 1653454699.7430434
File /Library/Frameworks/Python.framework/Versions/3.9/lib/python3.9/xml/dom/minidom.py first seen with mtime 1630355976.0
File /Library/Frameworks/Python.framework/Versions/3.9/lib/python3.9/asyncio/threads.py first seen with mtime 1630355975.0
File /Library/Frameworks/Python.framework/Versions/3.9/lib/python3.9/site-packages/django/contrib/sessions/exceptions.py first seen with mtime 1653454700.4766128
File /Library/Frameworks/Python.framework/Versions/3.9/lib/python3.9/site-packages/django/contrib/admin/exceptions.py first seen with mtime 1653454699.1451313
File /Library/Frameworks/Python.framework/Versions/3.9/lib/python3.9/site-packages/django/db/models/functions/comparison.py first seen with mtime 1653454700.775507
File /Library/Frameworks/Python.framework/Versions/3.9/lib/python3.9/site-packages/django/utils/crypto.py first seen with mtime 1653454700.855
File /Library/Frameworks/Python.framework/Versions/3.9/lib/python3.9/token.py first seen with mtime 1630355974.0
File /Library/Frameworks/Python.framework/Versions/3.9/lib/python3.9/site-packages/django/core/management/__init__.py first seen with mtime 1653454700.7089856
File /Library/Frameworks/Python.framework/Versions/3.9/lib/python3.9/site-packages/selenium/webdriver/support/wait.py first seen with mtime 1662701230.0051992
File /Library/Frameworks/Python.framework/Versions/3.9/lib/python3.9/site-packages/bs4/formatter.py first seen with mtime 1656112524.5017903
File /Library/Frameworks/Python.framework/Versions/3.9/lib/python3.9/email/mime/text.py first seen with mtime 1630355976.0
File /Library/Frameworks/Python.framework/Versions/3.9/lib/python3.9/site-packages/requests/status_codes.py first seen with mtime 1656112556.6918073
File /Library/Frameworks/Python.framework/Versions/3.9/lib/python3.9/zoneinfo/_common.py first seen with mtime 1630355977.0
File /Library/Frameworks/Python.framework/Versions/3.9/lib/python3.9/site-packages/selenium/webdriver/safari/service.py first seen with mtime 1662701230.0003576
File /Library/Frameworks/Python.framework/Versions/3.9/lib/python3.9/site-packages/django/core/serializers/base.py first seen with mtime 1653454700.722673
File /Library/Frameworks/Python.framework/Versions/3.9/lib/python3.9/http/__init__.py first seen with mtime 1630355976.0
File /Library/Frameworks/Python.framework/Versions/3.9/lib/python3.9/site-packages/django/views/generic/dates.py first seen with mtime 1653454700.8794546
File /Library/Frameworks/Python.framework/Versions/3.9/lib/python3.9/site-packages/django/contrib/auth/management/__init__.py first seen with mtime 1653454699.731441
File /Library/Frameworks/Python.framework/Versions/3.9/lib/python3.9/site-packages/django/core/checks/urls.py first seen with mtime 1653454700.6955888
File /Library/Frameworks/Python.framework/Versions/3.9/lib/python3.9/site-packages/django/db/backends/sqlite3/introspection.py first seen with mtime 1653454700.750456
File /Library/Frameworks/Python.framework/Versions/3.9/lib/python3.9/site-packages/django/core/handlers/wsgi.py first seen with mtime 1653454700.704293
File /Library/Frameworks/Python.framework/Versions/3.9/lib/python3.9/site-packages/django/db/models/sql/query.py first seen with mtime 1653454700.7805293
File /Library/Frameworks/Python.framework/Versions/3.9/lib/python3.9/email/parser.py first seen with mtime 1630355976.0
File /Library/Frameworks/Python.framework/Versions/3.9/lib/python3.9/site-packages/django/core/management/commands/runserver.py first seen with mtime 1653454700.7171652
File /Library/Frameworks/Python.framework/Versions/3.9/lib/python3.9/asyncio/base_events.py first seen with mtime 1630355975.0
File /Library/Frameworks/Python.framework/Versions/3.9/lib/python3.9/site-packages/django/db/backends/base/features.py first seen with mtime 1653454700.7312033
File /Library/Frameworks/Python.framework/Versions/3.9/lib/python3.9/site-packages/django/db/models/constants.py first seen with mtime 1653454700.7626343
File /Library/Frameworks/Python.framework/Versions/3.9/lib/python3.9/stat.py first seen with mtime 1630355974.0
File /Library/Frameworks/Python.framework/Versions/3.9/lib/python3.9/site-packages/django/db/models/fields/mixins.py first seen with mtime 1653454700.7706974
File /Library/Frameworks/Python.framework/Versions/3.9/lib/python3.9/site-packages/django/urls/resolvers.py first seen with mtime 1653454700.850751
File /Library/Frameworks/Python.framework/Versions/3.9/lib/python3.9/site-packages/django/db/backends/sqlite3/base.py first seen with mtime 1653454700.7487378
File /Library/Frameworks/Python.framework/Versions/3.9/lib/python3.9/site-packages/django/db/models/sql/subqueries.py first seen with mtime 1653454700.780984
File /Library/Frameworks/Python.framework/Versions/3.9/lib/python3.9/site-packages/django/core/mail/utils.py first seen with mtime 1653454700.7056332
File /Library/Frameworks/Python.framework/Versions/3.9/lib/python3.9/site-packages/django/template/loaders/__init__.py first seen with mtime 1653454700.8395398
File /Library/Frameworks/Python.framework/Versions/3.9/lib/python3.9/enum.py first seen with mtime 1630355974.0
File /Library/Frameworks/Python.framework/Versions/3.9/lib/python3.9/site-packages/idna/idnadata.py first seen with mtime 1656112556.4677384
File /Library/Frameworks/Python.framework/Versions/3.9/lib/python3.9/site-packages/selenium/webdriver/remote/bidi_connection.py first seen with mtime 1662701229.990884
File /Library/Frameworks/Python.framework/Versions/3.9/lib/python3.9/site-packages/soupsieve/pretty.py first seen with mtime 1656112524.448997
File /Library/Frameworks/Python.framework/Versions/3.9/lib/python3.9/lib-dynload/_uuid.cpython-39-darwin.so first seen with mtime 1630356226.0
File /Library/Frameworks/Python.framework/Versions/3.9/lib/python3.9/site-packages/django/utils/regex_helper.py first seen with mtime 1653454700.865905
File /Library/Frameworks/Python.framework/Versions/3.9/lib/python3.9/site-packages/django/contrib/staticfiles/finders.py first seen with mtime 1653454700.6776903
File /Library/Frameworks/Python.framework/Versions/3.9/lib/python3.9/site-packages/selenium/webdriver/common/actions/key_actions.py first seen with mtime 1662701229.8720253
File /Users/hai/Desktop/project2/python_search_engine/engine/urls.py first seen with mtime 1662960940.4574263
File /Library/Frameworks/Python.framework/Versions/3.9/lib/python3.9/tokenize.py first seen with mtime 1630355974.0
File /Library/Frameworks/Python.framework/Versions/3.9/lib/python3.9/_bootlocale.py first seen with mtime 1630355974.0
File /Library/Frameworks/Python.framework/Versions/3.9/lib/python3.9/site-packages/django/db/backends/base/validation.py first seen with mtime 1653454700.7336466
File /Library/Frameworks/Python.framework/Versions/3.9/lib/python3.9/sqlite3/__init__.py first seen with mtime 1630355976.0
File /Library/Frameworks/Python.framework/Versions/3.9/lib/python3.9/traceback.py first seen with mtime 1630355974.0
File /Library/Frameworks/Python.framework/Versions/3.9/lib/python3.9/site-packages/urllib3/util/ssl_.py first seen with mtime 1656112556.353862
File /Library/Frameworks/Python.framework/Versions/3.9/lib/python3.9/datetime.py first seen with mtime 1630355974.0
File /Library/Frameworks/Python.framework/Versions/3.9/lib/python3.9/site-packages/django/contrib/contenttypes/views.py first seen with mtime 1653454699.7444282
File /Library/Frameworks/Python.framework/Versions/3.9/lib/python3.9/site-packages/sqlparse/filters/__init__.py first seen with mtime 1653454698.7600355
File /Library/Frameworks/Python.framework/Versions/3.9/lib/python3.9/site-packages/django/template/defaultfilters.py first seen with mtime 1653454700.832801
File /Library/Frameworks/Python.framework/Versions/3.9/lib/python3.9/site-packages/django/db/models/functions/__init__.py first seen with mtime 1653454700.7750924
File /Library/Frameworks/Python.framework/Versions/3.9/lib/python3.9/site-packages/django/urls/__init__.py first seen with mtime 1653454700.84868
File /Library/Frameworks/Python.framework/Versions/3.9/lib/python3.9/lib-dynload/math.cpython-39-darwin.so first seen with mtime 1630356226.0
File /Library/Frameworks/Python.framework/Versions/3.9/lib/python3.9/lib-dynload/select.cpython-39-darwin.so first seen with mtime 1630356227.0
File /Library/Frameworks/Python.framework/Versions/3.9/lib/python3.9/site-packages/django/conf/__init__.py first seen with mtime 1653454698.9593542
File /Library/Frameworks/Python.framework/Versions/3.9/lib/python3.9/site-packages/django/http/multipartparser.py first seen with mtime 1653454700.8252797
File /Library/Frameworks/Python.framework/Versions/3.9/lib/python3.9/site-packages/django/utils/ipv6.py first seen with mtime 1653454700.8629332
File /Library/Frameworks/Python.framework/Versions/3.9/lib/python3.9/site-packages/selenium/webdriver/remote/script_key.py first seen with mtime 1662701229.9957128
File /Library/Frameworks/Python.framework/Versions/3.9/lib/python3.9/site-packages/django/contrib/sessions/backends/__init__.py first seen with mtime 1653454700.4781358
File /Library/Frameworks/Python.framework/Versions/3.9/lib/python3.9/site-packages/django/core/checks/security/base.py first seen with mtime 1653454700.6970503
File /Library/Frameworks/Python.framework/Versions/3.9/lib/python3.9/site-packages/django/contrib/auth/models.py first seen with mtime 1653454699.6068337
File /Library/Frameworks/Python.framework/Versions/3.9/lib/python3.9/site-packages/django/utils/hashable.py first seen with mtime 1653454700.8611789
File /Users/hai/Desktop/project2/python_search_engine/engine/__init__.py first seen with mtime 1656118039.517914
File /Library/Frameworks/Python.framework/Versions/3.9/lib/python3.9/site-packages/selenium/webdriver/remote/utils.py first seen with mtime 1662701229.9969678
File /Library/Frameworks/Python.framework/Versions/3.9/lib/python3.9/site-packages/django/db/models/constraints.py first seen with mtime 1653454700.763045
File /Library/Frameworks/Python.framework/Versions/3.9/lib/python3.9/site-packages/selenium/webdriver/support/relative_locator.py first seen with mtime 1662701230.003929
File /Library/Frameworks/Python.framework/Versions/3.9/lib/python3.9/site-packages/django/contrib/messages/storage/__init__.py first seen with mtime 1653454700.2808025
File /Library/Frameworks/Python.framework/Versions/3.9/lib/python3.9/asyncio/base_futures.py first seen with mtime 1630355975.0
File /Library/Frameworks/Python.framework/Versions/3.9/lib/python3.9/site-packages/django/forms/forms.py first seen with mtime 1653454700.7847118
File /Library/Frameworks/Python.framework/Versions/3.9/lib/python3.9/lib-dynload/grp.cpython-39-darwin.so first seen with mtime 1630356226.0
File /Library/Frameworks/Python.framework/Versions/3.9/lib/python3.9/unittest/__init__.py first seen with mtime 1630355977.0
File /Library/Frameworks/Python.framework/Versions/3.9/lib/python3.9/site-packages/django/contrib/admin/filters.py first seen with mtime 1653454699.1455817
File /Library/Frameworks/Python.framework/Versions/3.9/lib/python3.9/site-packages/django/views/generic/__init__.py first seen with mtime 1653454700.8785467
File /Library/Frameworks/Python.framework/Versions/3.9/lib/python3.9/site-packages/selenium/webdriver/remote/errorhandler.py first seen with mtime 1662701229.991767
File /Library/Frameworks/Python.framework/Versions/3.9/lib/python3.9/importlib/util.py first seen with mtime 1630355975.0
File /Library/Frameworks/Python.framework/Versions/3.9/lib/python3.9/pkgutil.py first seen with mtime 1630355974.0
File /Library/Frameworks/Python.framework/Versions/3.9/lib/python3.9/site-packages/selenium/webdriver/safari/options.py first seen with mtime 1662701229.9989474
File /Library/Frameworks/Python.framework/Versions/3.9/lib/python3.9/site-packages/django/utils/topological_sort.py first seen with mtime 1653454700.868463
File /Library/Frameworks/Python.framework/Versions/3.9/lib/python3.9/site-packages/selenium/webdriver/common/actions/key_input.py first seen with mtime 1662701229.872455
File /Library/Frameworks/Python.framework/Versions/3.9/lib/python3.9/site-packages/django/templatetags/__init__.py first seen with mtime 1653454700.8418653
File /Library/Frameworks/Python.framework/Versions/3.9/lib/python3.9/codecs.py first seen with mtime 1630355974.0
File /Library/Frameworks/Python.framework/Versions/3.9/lib/python3.9/site-packages/django/contrib/admin/views/autocomplete.py first seen with mtime 1653454699.4782534
File /Library/Frameworks/Python.framework/Versions/3.9/lib/python3.9/site-packages/selenium/webdriver/webkitgtk/service.py first seen with mtime 1662701230.0064876
File /Library/Frameworks/Python.framework/Versions/3.9/lib/python3.9/site-packages/soupsieve/css_match.py first seen with mtime 1656112524.4473817
File /Library/Frameworks/Python.framework/Versions/3.9/lib/python3.9/mimetypes.py first seen with mtime 1630355974.0
File /Library/Frameworks/Python.framework/Versions/3.9/lib/python3.9/site-packages/django/db/models/fields/__init__.py first seen with mtime 1653454700.7693124
File /Library/Frameworks/Python.framework/Versions/3.9/lib/python3.9/xml/dom/NodeFilter.py first seen with mtime 1630355976.0
File /Library/Frameworks/Python.framework/Versions/3.9/lib/python3.9/site-packages/django/templatetags/cache.py first seen with mtime 1653454700.8422818
File /Library/Frameworks/Python.framework/Versions/3.9/lib/python3.9/site-packages/django/core/checks/database.py first seen with mtime 1653454700.6927965
File /Library/Frameworks/Python.framework/Versions/3.9/lib/python3.9/site-packages/selenium/webdriver/webkitgtk/__init__.py first seen with mtime 1662701230.0056796
File /Library/Frameworks/Python.framework/Versions/3.9/lib/python3.9/site-packages/django/core/checks/model_checks.py first seen with mtime 1653454700.6939843
File /Library/Frameworks/Python.framework/Versions/3.9/lib/python3.9/typing.py first seen with mtime 1630355974.0
File /Library/Frameworks/Python.framework/Versions/3.9/lib/python3.9/site-packages/django/contrib/contenttypes/apps.py first seen with mtime 1653454699.7415183
File /Library/Frameworks/Python.framework/Versions/3.9/lib/python3.9/site-packages/django/core/checks/templates.py first seen with mtime 1653454700.6947742
File /Library/Frameworks/Python.framework/Versions/3.9/lib/python3.9/site-packages/django/core/files/base.py first seen with mtime 1653454700.698853
File /Library/Frameworks/Python.framework/Versions/3.9/lib/python3.9/lib-dynload/_asyncio.cpython-39-darwin.so first seen with mtime 1630356222.0
File /Library/Frameworks/Python.framework/Versions/3.9/lib/python3.9/site-packages/django/db/models/signals.py first seen with mtime 1653454700.76814
File /Library/Frameworks/Python.framework/Versions/3.9/lib/python3.9/site-packages/django/templatetags/l10n.py first seen with mtime 1653454700.8431277
File /Library/Frameworks/Python.framework/Versions/3.9/lib/python3.9/site-packages/django/http/response.py first seen with mtime 1653454700.8262503
File /Library/Frameworks/Python.framework/Versions/3.9/lib/python3.9/site.py first seen with mtime 1630355974.0
File /Library/Frameworks/Python.framework/Versions/3.9/lib/python3.9/hashlib.py first seen with mtime 1630355974.0
File /Library/Frameworks/Python.framework/Versions/3.9/lib/python3.9/json/decoder.py first seen with mtime 1630355976.0
File /Library/Frameworks/Python.framework/Versions/3.9/lib/python3.9/site-packages/requests/packages.py first seen with mtime 1656112556.6908011
File /Library/Frameworks/Python.framework/Versions/3.9/lib/python3.9/site-packages/requests/structures.py first seen with mtime 1656112556.6922328
File /Library/Frameworks/Python.framework/Versions/3.9/lib/python3.9/struct.py first seen with mtime 1630355974.0
File /Library/Frameworks/Python.framework/Versions/3.9/lib/python3.9/site-packages/selenium/webdriver/firefox/webdriver.py first seen with mtime 1662701229.98767
File /Library/Frameworks/Python.framework/Versions/3.9/lib/python3.9/lib-dynload/_statistics.cpython-39-darwin.so first seen with mtime 1630356225.0
File /Library/Frameworks/Python.framework/Versions/3.9/lib/python3.9/site-packages/django/templatetags/static.py first seen with mtime 1653454700.8435266
File /Library/Frameworks/Python.framework/Versions/3.9/lib/python3.9/xml/etree/ElementTree.py first seen with mtime 1630355976.0
File /Library/Frameworks/Python.framework/Versions/3.9/lib/python3.9/concurrent/futures/__init__.py first seen with mtime 1630355976.0
File /Library/Frameworks/Python.framework/Versions/3.9/lib/python3.9/site-packages/django/db/models/lookups.py first seen with mtime 1653454700.76541
File /Library/Frameworks/Python.framework/Versions/3.9/lib/python3.9/wsgiref/util.py first seen with mtime 1630355976.0
File /Library/Frameworks/Python.framework/Versions/3.9/lib/python3.9/asyncio/coroutines.py first seen with mtime 1630355975.0
File /Library/Frameworks/Python.framework/Versions/3.9/lib/python3.9/site-packages/sqlparse/filters/others.py first seen with mtime 1653454698.7610033
File /Library/Frameworks/Python.framework/Versions/3.9/lib/python3.9/site-packages/django/template/autoreload.py first seen with mtime 1653454700.8309371
File /Library/Frameworks/Python.framework/Versions/3.9/lib/python3.9/lib-dynload/pyexpat.cpython-39-darwin.so first seen with mtime 1630356227.0
File /Library/Frameworks/Python.framework/Versions/3.9/lib/python3.9/site-packages/django/utils/translation/__init__.py first seen with mtime 1653454700.870188
File /Library/Frameworks/Python.framework/Versions/3.9/lib/python3.9/site-packages/selenium/webdriver/common/actions/wheel_actions.py first seen with mtime 1662701229.8742998
File /Library/Frameworks/Python.framework/Versions/3.9/lib/python3.9/hmac.py first seen with mtime 1630355974.0
File /Library/Frameworks/Python.framework/Versions/3.9/lib/python3.9/getpass.py first seen with mtime 1630355974.0
File /Library/Frameworks/Python.framework/Versions/3.9/lib/python3.9/site-packages/django/core/signals.py first seen with mtime 1653454700.6854868
File /Library/Frameworks/Python.framework/Versions/3.9/lib/python3.9/site-packages/django/db/backends/base/__init__.py first seen with mtime 1653454700.729218
File /Library/Frameworks/Python.framework/Versions/3.9/lib/python3.9/site-packages/selenium/webdriver/common/service.py first seen with mtime 1662701229.980177
File /Library/Frameworks/Python.framework/Versions/3.9/lib/python3.9/site-packages/django/middleware/cache.py first seen with mtime 1653454700.827177
File /Library/Frameworks/Python.framework/Versions/3.9/lib/python3.9/site-packages/django/conf/global_settings.py first seen with mtime 1653454698.9600575
File /Library/Frameworks/Python.framework/Versions/3.9/lib/python3.9/site-packages/django/contrib/messages/__init__.py first seen with mtime 1653454700.276478
File /Library/Frameworks/Python.framework/Versions/3.9/lib/python3.9/asyncio/queues.py first seen with mtime 1630355975.0
File /Library/Frameworks/Python.framework/Versions/3.9/lib/python3.9/asyncio/subprocess.py first seen with mtime 1630355975.0
File /Library/Frameworks/Python.framework/Versions/3.9/lib/python3.9/site-packages/django/utils/timezone.py first seen with mtime 1653454700.8680723
File /Library/Frameworks/Python.framework/Versions/3.9/lib/python3.9/site-packages/django/core/files/utils.py first seen with mtime 1653454700.7022383
File /Library/Frameworks/Python.framework/Versions/3.9/lib/python3.9/site-packages/django/forms/renderers.py first seen with mtime 1653454700.7862146
File /Library/Frameworks/Python.framework/Versions/3.9/lib/python3.9/site-packages/sqlparse/filters/reindent.py first seen with mtime 1653454698.7620122
File /Library/Frameworks/Python.framework/Versions/3.9/lib/python3.9/encodings/idna.py first seen with mtime 1630355976.0
File /Library/Frameworks/Python.framework/Versions/3.9/lib/python3.9/email/header.py first seen with mtime 1630355976.0
File /Library/Frameworks/Python.framework/Versions/3.9/lib/python3.9/asyncio/base_subprocess.py first seen with mtime 1630355975.0
File /Library/Frameworks/Python.framework/Versions/3.9/lib/python3.9/site-packages/selenium/webdriver/common/actions/pointer_input.py first seen with mtime 1662701229.8738723
File /Library/Frameworks/Python.framework/Versions/3.9/lib/python3.9/site-packages/django/db/models/fields/reverse_related.py first seen with mtime 1653454700.7746167
File /Library/Frameworks/Python.framework/Versions/3.9/lib/python3.9/site-packages/certifi/core.py first seen with mtime 1656112556.6727462
File /Library/Frameworks/Python.framework/Versions/3.9/lib/python3.9/site-packages/django/db/backends/utils.py first seen with mtime 1653454700.728854
File /Library/Frameworks/Python.framework/Versions/3.9/lib/python3.9/site-packages/django/utils/autoreload.py first seen with mtime 1653454700.853294
File /Library/Frameworks/Python.framework/Versions/3.9/lib/python3.9/email/feedparser.py first seen with mtime 1630355976.0
File /Library/Frameworks/Python.framework/Versions/3.9/lib/python3.9/email/generator.py first seen with mtime 1630355976.0
File /Library/Frameworks/Python.framework/Versions/3.9/lib/python3.9/urllib/request.py first seen with mtime 1630355976.0
File /Library/Frameworks/Python.framework/Versions/3.9/lib/python3.9/site-packages/django/template/library.py first seen with mtime 1653454700.834707
File /Users/hai/Desktop/project2/python_search_engine/engine/models.py first seen with mtime 1656118039.5228248
File /Library/Frameworks/Python.framework/Versions/3.9/lib/python3.9/reprlib.py first seen with mtime 1630355974.0
File /Library/Frameworks/Python.framework/Versions/3.9/lib/python3.9/site-packages/django/conf/locale/__init__.py first seen with mtime 1653454698.96335
File /Library/Frameworks/Python.framework/Versions/3.9/lib/python3.9/site-packages/selenium/webdriver/wpewebkit/webdriver.py first seen with mtime 1662701230.0086071
File /Library/Frameworks/Python.framework/Versions/3.9/lib/python3.9/site-packages/django/contrib/admin/utils.py first seen with mtime 1653454699.1492872
File /Library/Frameworks/Python.framework/Versions/3.9/lib/python3.9/encodings/__init__.py first seen with mtime 1630355976.0
File /Library/Frameworks/Python.framework/Versions/3.9/lib/python3.9/site-packages/django/contrib/admin/views/__init__.py first seen with mtime 1653454699.477758
File /Library/Frameworks/Python.framework/Versions/3.9/lib/python3.9/site-packages/django/contrib/sessions/apps.py first seen with mtime 1653454700.4757836
File /Library/Frameworks/Python.framework/Versions/3.9/lib/python3.9/site-packages/selenium/webdriver/webkitgtk/options.py first seen with mtime 1662701230.0060866
File /Library/Frameworks/Python.framework/Versions/3.9/lib/python3.9/site-packages/django/contrib/admin/apps.py first seen with mtime 1653454699.1437974
File /Library/Frameworks/Python.framework/Versions/3.9/lib/python3.9/asyncio/streams.py first seen with mtime 1630355975.0
File /Library/Frameworks/Python.framework/Versions/3.9/lib/python3.9/email/_header_value_parser.py first seen with mtime 1630355976.0
File /Library/Frameworks/Python.framework/Versions/3.9/lib/python3.9/site-packages/charset_normalizer/api.py first seen with mtime 1656112556.6197085
File /Library/Frameworks/Python.framework/Versions/3.9/lib/python3.9/xml/dom/xmlbuilder.py first seen with mtime 1630355976.0
File /Library/Frameworks/Python.framework/Versions/3.9/lib/python3.9/site-packages/selenium/webdriver/edge/service.py first seen with mtime 1662701229.983354
File /Library/Frameworks/Python.framework/Versions/3.9/lib/python3.9/site-packages/django/contrib/admin/templatetags/admin_urls.py first seen with mtime 1653454699.4764524
File /Library/Frameworks/Python.framework/Versions/3.9/lib/python3.9/site-packages/django/views/decorators/debug.py first seen with mtime 1653454700.8769195
File /Library/Frameworks/Python.framework/Versions/3.9/lib/python3.9/site-packages/sqlparse/exceptions.py first seen with mtime 1653454698.7537324
File /Library/Frameworks/Python.framework/Versions/3.9/lib/python3.9/glob.py first seen with mtime 1630355974.0
File /Library/Frameworks/Python.framework/Versions/3.9/lib/python3.9/site-packages/selenium/webdriver/common/timeouts.py first seen with mtime 1662701229.9806201
File /Library/Frameworks/Python.framework/Versions/3.9/lib/python3.9/genericpath.py first seen with mtime 1630355974.0
File /Library/Frameworks/Python.framework/Versions/3.9/lib/python3.9/site-packages/lxml/_elementpath.cpython-39-darwin.so first seen with mtime 1656127028.266614
File /Library/Frameworks/Python.framework/Versions/3.9/lib/python3.9/site-packages/selenium/webdriver/support/ui.py first seen with mtime 1662701230.004775
File /Library/Frameworks/Python.framework/Versions/3.9/lib/python3.9/site-packages/django/contrib/admin/actions.py first seen with mtime 1653454699.1433983
File /Library/Frameworks/Python.framework/Versions/3.9/lib/python3.9/site-packages/django/utils/asyncio.py first seen with mtime 1653454700.8527825
File /Library/Frameworks/Python.framework/Versions/3.9/lib/python3.9/concurrent/futures/_base.py first seen with mtime 1630355976.0
File /Library/Frameworks/Python.framework/Versions/3.9/lib/python3.9/importlib/__init__.py first seen with mtime 1630355975.0
File /Library/Frameworks/Python.framework/Versions/3.9/lib/python3.9/unittest/loader.py first seen with mtime 1630355977.0
File /Library/Frameworks/Python.framework/Versions/3.9/lib/python3.9/pickle.py first seen with mtime 1630355974.0
File /Library/Frameworks/Python.framework/Versions/3.9/lib/python3.9/site-packages/selenium/webdriver/support/expected_conditions.py first seen with mtime 1662701230.0034688
File /Library/Frameworks/Python.framework/Versions/3.9/lib/python3.9/site-packages/selenium/webdriver/chrome/__init__.py first seen with mtime 1662701229.8645902
File /Library/Frameworks/Python.framework/Versions/3.9/lib/python3.9/socketserver.py first seen with mtime 1630355974.0
File /Library/Frameworks/Python.framework/Versions/3.9/lib/python3.9/site-packages/lxml/etree.cpython-39-darwin.so first seen with mtime 1656127028.303529
File /Library/Frameworks/Python.framework/Versions/3.9/lib/python3.9/email/quoprimime.py first seen with mtime 1630355976.0
File /Library/Frameworks/Python.framework/Versions/3.9/lib/python3.9/site-packages/urllib3/util/response.py first seen with mtime 1656112556.3528056
File /Library/Frameworks/Python.framework/Versions/3.9/lib/python3.9/site-packages/django/forms/widgets.py first seen with mtime 1653454700.7871592
File /Library/Frameworks/Python.framework/Versions/3.9/lib/python3.9/html/parser.py first seen with mtime 1630355976.0
File /Library/Frameworks/Python.framework/Versions/3.9/lib/python3.9/site-packages/django/contrib/staticfiles/__init__.py first seen with mtime 1653454700.6763418
File /Library/Frameworks/Python.framework/Versions/3.9/lib/python3.9/site-packages/selenium/webdriver/firefox/remote_connection.py first seen with mtime 1662701229.9867144
File /Library/Frameworks/Python.framework/Versions/3.9/lib/python3.9/sre_parse.py first seen with mtime 1630355974.0
File /Library/Frameworks/Python.framework/Versions/3.9/lib/python3.9/site-packages/django/dispatch/dispatcher.py first seen with mtime 1653454700.7822993
File /Library/Frameworks/Python.framework/Versions/3.9/lib/python3.9/site-packages/django/http/__init__.py first seen with mtime 1653454700.8243654
File /Library/Frameworks/Python.framework/Versions/3.9/lib/python3.9/site-packages/django/templatetags/i18n.py first seen with mtime 1653454700.8427324
File /Library/Frameworks/Python.framework/Versions/3.9/lib/python3.9/site-packages/selenium/webdriver/common/options.py first seen with mtime 1662701229.9787493
File /Library/Frameworks/Python.framework/Versions/3.9/lib/python3.9/site-packages/django/core/cache/backends/locmem.py first seen with mtime 1653454700.6901948
File /Library/Frameworks/Python.framework/Versions/3.9/lib/python3.9/site-packages/urllib3/util/queue.py first seen with mtime 1656112556.3519137
File /Library/Frameworks/Python.framework/Versions/3.9/lib/python3.9/wsgiref/headers.py first seen with mtime 1630355976.0
File /Library/Frameworks/Python.framework/Versions/3.9/lib/python3.9/site-packages/django/views/decorators/csrf.py first seen with mtime 1653454700.8765259
File /Library/Frameworks/Python.framework/Versions/3.9/lib/python3.9/site-packages/django/core/checks/files.py first seen with mtime 1653454700.6931958
File /Library/Frameworks/Python.framework/Versions/3.9/lib/python3.9/site-packages/django/contrib/contenttypes/checks.py first seen with mtime 1653454699.7419412
File /Library/Frameworks/Python.framework/Versions/3.9/lib/python3.9/site-packages/django/utils/formats.py first seen with mtime 1653454700.8603203
File /Library/Frameworks/Python.framework/Versions/3.9/lib/python3.9/site-packages/requests/__init__.py first seen with mtime 1656112556.6846483
File /Library/Frameworks/Python.framework/Versions/3.9/lib/python3.9/site-packages/selenium/webdriver/ie/webdriver.py first seen with mtime 1662701229.9899707
File /Library/Frameworks/Python.framework/Versions/3.9/lib/python3.9/site-packages/django/contrib/admin/templatetags/base.py first seen with mtime 1653454699.476932
File /Library/Frameworks/Python.framework/Versions/3.9/lib/python3.9/site-packages/selenium/webdriver/support/select.py first seen with mtime 1662701230.0043683
File /Library/Frameworks/Python.framework/Versions/3.9/lib/python3.9/site-packages/django/db/migrations/operations/special.py first seen with mtime 1653454700.7605236
File /Library/Frameworks/Python.framework/Versions/3.9/lib/python3.9/site-packages/django/db/utils.py first seen with mtime 1653454700.7271821
File /Library/Frameworks/Python.framework/Versions/3.9/lib/python3.9/unittest/main.py first seen with mtime 1630355977.0
File /Library/Frameworks/Python.framework/Versions/3.9/lib/python3.9/quopri.py first seen with mtime 1630355974.0
File /Library/Frameworks/Python.framework/Versions/3.9/lib/python3.9/site-packages/django/views/decorators/common.py first seen with mtime 1653454700.8761
File /Library/Frameworks/Python.framework/Versions/3.9/lib/python3.9/wsgiref/__init__.py first seen with mtime 1630355976.0
File /Library/Frameworks/Python.framework/Versions/3.9/lib/python3.9/site-packages/selenium/webdriver/remote/webdriver.py first seen with mtime 1662701229.9975572
File /Library/Frameworks/Python.framework/Versions/3.9/lib/python3.9/signal.py first seen with mtime 1630355974.0
File /Library/Frameworks/Python.framework/Versions/3.9/lib/python3.9/numbers.py first seen with mtime 1630355974.0
File /Library/Frameworks/Python.framework/Versions/3.9/lib/python3.9/site-packages/django/db/models/__init__.py first seen with mtime 1653454700.760983
File /Library/Frameworks/Python.framework/Versions/3.9/lib/python3.9/asyncio/exceptions.py first seen with mtime 1630355975.0
File /Library/Frameworks/Python.framework/Versions/3.9/lib/python3.9/site-packages/django/db/backends/sqlite3/features.py first seen with mtime 1653454700.7499943
File /Library/Frameworks/Python.framework/Versions/3.9/lib/python3.9/site-packages/django/utils/numberformat.py first seen with mtime 1653454700.8653626
File /Library/Frameworks/Python.framework/Versions/3.9/lib/python3.9/site-packages/selenium/webdriver/firefox/__init__.py first seen with mtime 1662701229.9842842
File /Library/Frameworks/Python.framework/Versions/3.9/lib/python3.9/urllib/error.py first seen with mtime 1630355976.0
File /Library/Frameworks/Python.framework/Versions/3.9/lib/python3.9/site-packages/soupsieve/css_parser.py first seen with mtime 1656112524.4480438
File /Library/Frameworks/Python.framework/Versions/3.9/lib/python3.9/site-packages/django/template/context.py first seen with mtime 1653454700.83192
File /Library/Frameworks/Python.framework/Versions/3.9/lib/python3.9/site-packages/django/core/checks/compatibility/django_4_0.py first seen with mtime 1653454700.6963065
File /Library/Frameworks/Python.framework/Versions/3.9/lib/python3.9/lib-dynload/_queue.cpython-39-darwin.so first seen with mtime 1630356224.0
File /Library/Frameworks/Python.framework/Versions/3.9/lib/python3.9/email/contentmanager.py first seen with mtime 1630355976.0
File /Library/Frameworks/Python.framework/Versions/3.9/lib/python3.9/site-packages/selenium/webdriver/common/alert.py first seen with mtime 1662701229.875143
File /Library/Frameworks/Python.framework/Versions/3.9/lib/python3.9/site-packages/django/core/servers/basehttp.py first seen with mtime 1653454700.7257543
File /Library/Frameworks/Python.framework/Versions/3.9/lib/python3.9/site-packages/urllib3/exceptions.py first seen with mtime 1656112556.3405108
File /Library/Frameworks/Python.framework/Versions/3.9/lib/python3.9/lib-dynload/_heapq.cpython-39-darwin.so first seen with mtime 1630356224.0
File /Library/Frameworks/Python.framework/Versions/3.9/lib/python3.9/site-packages/django/template/utils.py first seen with mtime 1653454700.8367612
File /Library/Frameworks/Python.framework/Versions/3.9/lib/python3.9/encodings/latin_1.py first seen with mtime 1630355976.0
File /Library/Frameworks/Python.framework/Versions/3.9/lib/python3.9/site-packages/django/template/backends/base.py first seen with mtime 1653454700.837605
File /Library/Frameworks/Python.framework/Versions/3.9/lib/python3.9/asyncio/selector_events.py first seen with mtime 1630355975.0
File /Library/Frameworks/Python.framework/Versions/3.9/lib/python3.9/email/mime/message.py first seen with mtime 1630355976.0
File /Library/Frameworks/Python.framework/Versions/3.9/lib/python3.9/email/message.py first seen with mtime 1630355976.0
File /Library/Frameworks/Python.framework/Versions/3.9/lib/python3.9/zoneinfo/_tzpath.py first seen with mtime 1630355977.0
File /Library/Frameworks/Python.framework/Versions/3.9/lib/python3.9/sqlite3/dbapi2.py first seen with mtime 1630355976.0
File /Library/Frameworks/Python.framework/Versions/3.9/lib/python3.9/_sysconfigdata__darwin_darwin.py first seen with mtime 1630355988.0
File /Library/Frameworks/Python.framework/Versions/3.9/lib/python3.9/asyncio/sslproto.py first seen with mtime 1630355975.0
File /Library/Frameworks/Python.framework/Versions/3.9/lib/python3.9/site-packages/django/core/__init__.py first seen with mtime 1653454700.683705
File /Library/Frameworks/Python.framework/Versions/3.9/lib/python3.9/site-packages/django/contrib/sessions/base_session.py first seen with mtime 1653454700.4761908
File /Library/Frameworks/Python.framework/Versions/3.9/lib/python3.9/subprocess.py first seen with mtime 1630355974.0
File /Library/Frameworks/Python.framework/Versions/3.9/lib/python3.9/site-packages/django/db/migrations/state.py first seen with mtime 1653454700.7571242
File /Library/Frameworks/Python.framework/Versions/3.9/lib/python3.9/site-packages/django/db/models/fields/files.py first seen with mtime 1653454700.7698069
File /Library/Frameworks/Python.framework/Versions/3.9/lib/python3.9/json/__init__.py first seen with mtime 1630355976.0
File /Library/Frameworks/Python.framework/Versions/3.9/lib/python3.9/site-packages/selenium/webdriver/safari/remote_connection.py first seen with mtime 1662701229.9997756
File /Library/Frameworks/Python.framework/Versions/3.9/lib/python3.9/weakref.py first seen with mtime 1630355974.0
File /Library/Frameworks/Python.framework/Versions/3.9/lib/python3.9/site-packages/urllib3/_version.py first seen with mtime 1656112556.338134
File /Library/Frameworks/Python.framework/Versions/3.9/lib/python3.9/site-packages/django/http/cookie.py first seen with mtime 1653454700.824778
File /Library/Frameworks/Python.framework/Versions/3.9/lib/python3.9/site-packages/django/db/migrations/operations/base.py first seen with mtime 1653454700.7591
File /Library/Frameworks/Python.framework/Versions/3.9/lib/python3.9/site-packages/selenium/webdriver/wpewebkit/__init__.py first seen with mtime 1662701230.0073984
File /Library/Frameworks/Python.framework/Versions/3.9/lib/python3.9/site-packages/socks.py first seen with mtime 1662701229.2217653
File /Library/Frameworks/Python.framework/Versions/3.9/lib/python3.9/site-packages/django/db/models/functions/window.py first seen with mtime 1653454700.7775874
File /Library/Frameworks/Python.framework/Versions/3.9/lib/python3.9/site-packages/django/contrib/sessions/middleware.py first seen with mtime 1653454700.4770186
File /Library/Frameworks/Python.framework/Versions/3.9/lib/python3.9/site-packages/django/db/models/query.py first seen with mtime 1653454700.7672837
File /Library/Frameworks/Python.framework/Versions/3.9/lib/python3.9/lib-dynload/termios.cpython-39-darwin.so first seen with mtime 1630356227.0
File /Library/Frameworks/Python.framework/Versions/3.9/lib/python3.9/site-packages/django/contrib/admin/checks.py first seen with mtime 1653454699.1443377
File /Library/Frameworks/Python.framework/Versions/3.9/lib/python3.9/site-packages/django/core/cache/backends/filebased.py first seen with mtime 1653454700.6897945
File /Library/Frameworks/Python.framework/Versions/3.9/lib/python3.9/concurrent/__init__.py first seen with mtime 1630355976.0
File /Library/Frameworks/Python.framework/Versions/3.9/lib/python3.9/site-packages/django/db/models/sql/where.py first seen with mtime 1653454700.781416
File /Library/Frameworks/Python.framework/Versions/3.9/lib/python3.9/lib-dynload/_bisect.cpython-39-darwin.so first seen with mtime 1630356222.0
File /Library/Frameworks/Python.framework/Versions/3.9/lib/python3.9/os.py first seen with mtime 1630355974.0
File /Library/Frameworks/Python.framework/Versions/3.9/lib/python3.9/site-packages/selenium/webdriver/remote/shadowroot.py first seen with mtime 1662701229.99612
File /Library/Frameworks/Python.framework/Versions/3.9/lib/python3.9/locale.py first seen with mtime 1630355974.0
File /Library/Frameworks/Python.framework/Versions/3.9/lib/python3.9/logging/__init__.py first seen with mtime 1630355976.0
File /Library/Frameworks/Python.framework/Versions/3.9/lib/python3.9/site-packages/django/db/models/fields/related_descriptors.py first seen with mtime 1653454700.77371
File /Library/Frameworks/Python.framework/Versions/3.9/lib/python3.9/site-packages/django/utils/safestring.py first seen with mtime 1653454700.8663278
File /Library/Frameworks/Python.framework/Versions/3.9/lib/python3.9/email/utils.py first seen with mtime 1630355976.0
File /Library/Frameworks/Python.framework/Versions/3.9/lib/python3.9/unittest/case.py first seen with mtime 1630355977.0
File /Library/Frameworks/Python.framework/Versions/3.9/lib/python3.9/lib-dynload/_bz2.cpython-39-darwin.so first seen with mtime 1630356222.0
File /Library/Frameworks/Python.framework/Versions/3.9/lib/python3.9/site-packages/selenium/webdriver/safari/__init__.py first seen with mtime 1662701229.9985192
File /Library/Frameworks/Python.framework/Versions/3.9/lib/python3.9/site-packages/django/db/migrations/operations/fields.py first seen with mtime 1653454700.759548
File /Library/Frameworks/Python.framework/Versions/3.9/lib/python3.9/site-packages/bs4/builder/__init__.py first seen with mtime 1656112524.5024555
File /Library/Frameworks/Python.framework/Versions/3.9/lib/python3.9/site-packages/django/contrib/auth/password_validation.py first seen with mtime 1653454699.6073265
File /Library/Frameworks/Python.framework/Versions/3.9/lib/python3.9/lib-dynload/binascii.cpython-39-darwin.so first seen with mtime 1630356226.0
File /Library/Frameworks/Python.framework/Versions/3.9/lib/python3.9/site-packages/django/db/models/options.py first seen with mtime 1653454700.7665231
File /Library/Frameworks/Python.framework/Versions/3.9/lib/python3.9/site-packages/django/template/loader.py first seen with mtime 1653454700.8350978
File /Library/Frameworks/Python.framework/Versions/3.9/lib/python3.9/site-packages/django/core/management/base.py first seen with mtime 1653454700.7094796
File /Library/Frameworks/Python.framework/Versions/3.9/lib/python3.9/importlib/_common.py first seen with mtime 1630355975.0
File /Library/Frameworks/Python.framework/Versions/3.9/lib/python3.9/site-packages/selenium/webdriver/__init__.py first seen with mtime 1662701229.8641295
File /Library/Frameworks/Python.framework/Versions/3.9/lib/python3.9/site-packages/urllib3/util/__init__.py first seen with mtime 1656112556.3501856
File /Library/Frameworks/Python.framework/Versions/3.9/lib/python3.9/selectors.py first seen with mtime 1630355974.0
File /Library/Frameworks/Python.framework/Versions/3.9/lib/python3.9/site-packages/django/core/mail/__init__.py first seen with mtime 1653454700.7047622
File /Library/Frameworks/Python.framework/Versions/3.9/lib/python3.9/site-packages/selenium/webdriver/firefox/options.py first seen with mtime 1662701229.9861014
File /Library/Frameworks/Python.framework/Versions/3.9/lib/python3.9/site-packages/requests/models.py first seen with mtime 1656112556.6903763
File /Library/Frameworks/Python.framework/Versions/3.9/lib/python3.9/asyncio/staggered.py first seen with mtime 1630355975.0
File /Library/Frameworks/Python.framework/Versions/3.9/lib/python3.9/site-packages/django/apps/config.py first seen with mtime 1653454698.9580154
File /Library/Frameworks/Python.framework/Versions/3.9/lib/python3.9/asyncio/transports.py first seen with mtime 1630355975.0
File /Library/Frameworks/Python.framework/Versions/3.9/lib/python3.9/site-packages/urllib3/connectionpool.py first seen with mtime 1656112556.3398557
File /Library/Frameworks/Python.framework/Versions/3.9/lib/python3.9/sysconfig.py first seen with mtime 1630355974.0
File /Library/Frameworks/Python.framework/Versions/3.9/lib/python3.9/xml/etree/__init__.py first seen with mtime 1630355976.0
File /Library/Frameworks/Python.framework/Versions/3.9/lib/python3.9/site-packages/selenium/webdriver/remote/remote_connection.py first seen with mtime 1662701229.9953086
File /Library/Frameworks/Python.framework/Versions/3.9/lib/python3.9/site-packages/django/utils/_os.py first seen with mtime 1653454700.8519757
File /Library/Frameworks/Python.framework/Versions/3.9/lib/python3.9/site-packages/django/utils/itercompat.py first seen with mtime 1653454700.8633146
File /Library/Frameworks/Python.framework/Versions/3.9/lib/python3.9/site-packages/urllib3/connection.py first seen with mtime 1656112556.3387516
File /Library/Frameworks/Python.framework/Versions/3.9/lib/python3.9/site-packages/django/contrib/auth/apps.py first seen with mtime 1653454699.6012723
File /Library/Frameworks/Python.framework/Versions/3.9/lib/python3.9/site-packages/django/contrib/admin/decorators.py first seen with mtime 1653454699.1447432
File /Library/Frameworks/Python.framework/Versions/3.9/lib/python3.9/heapq.py first seen with mtime 1630355974.0
File /Library/Frameworks/Python.framework/Versions/3.9/lib/python3.9/site-packages/django/core/serializers/__init__.py first seen with mtime 1653454700.7222314
File /Library/Frameworks/Python.framework/Versions/3.9/lib/python3.9/site-packages/django/template/loaders/base.py first seen with mtime 1653454700.8403356
File /Library/Frameworks/Python.framework/Versions/3.9/lib/python3.9/site-packages/django/contrib/admin/templatetags/admin_modify.py first seen with mtime 1653454699.475967
File /Library/Frameworks/Python.framework/Versions/3.9/lib/python3.9/site-packages/sqlparse/engine/statement_splitter.py first seen with mtime 1653454698.7594504
File /Library/Frameworks/Python.framework/Versions/3.9/lib/python3.9/site-packages/selenium/__init__.py first seen with mtime 1662701229.861962
File /Library/Frameworks/Python.framework/Versions/3.9/lib/python3.9/site-packages/selenium/webdriver/ie/service.py first seen with mtime 1662701229.989515
File /Library/Frameworks/Python.framework/Versions/3.9/lib/python3.9/site-packages/django/utils/version.py first seen with mtime 1653454700.8692749
File /Library/Frameworks/Python.framework/Versions/3.9/lib/python3.9/site-packages/sqlparse/utils.py first seen with mtime 1653454698.7567062
File /Library/Frameworks/Python.framework/Versions/3.9/lib/python3.9/site-packages/django/db/backends/sqlite3/__init__.py first seen with mtime 1653454700.7481716
File /Library/Frameworks/Python.framework/Versions/3.9/lib/python3.9/site-packages/selenium/common/__init__.py first seen with mtime 1662701229.8624701
File /Library/Frameworks/Python.framework/Versions/3.9/lib/python3.9/site-packages/selenium/webdriver/edge/webdriver.py first seen with mtime 1662701229.983782
File /Library/Frameworks/Python.framework/Versions/3.9/lib/python3.9/site-packages/django/db/migrations/loader.py first seen with mtime 1653454700.7544003
File /Library/Frameworks/Python.framework/Versions/3.9/lib/python3.9/site-packages/django/core/cache/backends/__init__.py first seen with mtime 1653454700.6880705
File /Library/Frameworks/Python.framework/Versions/3.9/lib/python3.9/site-packages/sqlparse/tokens.py first seen with mtime 1653454698.7562335
File /Library/Frameworks/Python.framework/Versions/3.9/lib/python3.9/site-packages/bs4/__init__.py first seen with mtime 1656112524.4989212
File /Library/Frameworks/Python.framework/Versions/3.9/lib/python3.9/io.py first seen with mtime 1630355974.0
File /Library/Frameworks/Python.framework/Versions/3.9/lib/python3.9/site-packages/selenium/webdriver/remote/__init__.py first seen with mtime 1662701229.990473
File /Library/Frameworks/Python.framework/Versions/3.9/lib/python3.9/site-packages/django/core/checks/async_checks.py first seen with mtime 1653454700.6920328
File /Library/Frameworks/Python.framework/Versions/3.9/lib/python3.9/site-packages/selenium/webdriver/wpewebkit/options.py first seen with mtime 1662701230.0078077
File /Library/Frameworks/Python.framework/Versions/3.9/lib/python3.9/asyncio/futures.py first seen with mtime 1630355975.0
File /Library/Frameworks/Python.framework/Versions/3.9/lib/python3.9/site-packages/urllib3/util/ssltransport.py first seen with mtime 1656112556.3547628
File /Library/Frameworks/Python.framework/Versions/3.9/lib/python3.9/site-packages/django/core/cache/utils.py first seen with mtime 1653454700.687699
File /Library/Frameworks/Python.framework/Versions/3.9/lib/python3.9/site-packages/django/utils/termcolors.py first seen with mtime 1653454700.8667579
File /Library/Frameworks/Python.framework/Versions/3.9/lib/python3.9/site-packages/asgiref/sync.py first seen with mtime 1653454698.8281984
File /Library/Frameworks/Python.framework/Versions/3.9/lib/python3.9/site-packages/django/core/handlers/__init__.py first seen with mtime 1653454700.7025716
File /Library/Frameworks/Python.framework/Versions/3.9/lib/python3.9/cgi.py first seen with mtime 1630355974.0
File /Library/Frameworks/Python.framework/Versions/3.9/lib/python3.9/socket.py first seen with mtime 1630355974.0
File /Library/Frameworks/Python.framework/Versions/3.9/lib/python3.9/site-packages/django/contrib/contenttypes/fields.py first seen with mtime 1653454699.7425227
File /Users/hai/Desktop/project2/python_search_engine/engine/views.py first seen with mtime 1664866009.8384259
File /Library/Frameworks/Python.framework/Versions/3.9/lib/python3.9/lib-dynload/_posixsubprocess.cpython-39-darwin.so first seen with mtime 1630356224.0
File /Library/Frameworks/Python.framework/Versions/3.9/lib/python3.9/site-packages/django/db/migrations/executor.py first seen with mtime 1653454700.7534924
File /Library/Frameworks/Python.framework/Versions/3.9/lib/python3.9/site-packages/django/contrib/sessions/backends/base.py first seen with mtime 1653454700.4785962
File /Library/Frameworks/Python.framework/Versions/3.9/lib/python3.9/linecache.py first seen with mtime 1630355974.0
File /Library/Frameworks/Python.framework/Versions/3.9/lib/python3.9/asyncio/log.py first seen with mtime 1630355975.0
File /Library/Frameworks/Python.framework/Versions/3.9/lib/python3.9/site-packages/django/middleware/csrf.py first seen with mtime 1653454700.828497
File /Library/Frameworks/Python.framework/Versions/3.9/lib/python3.9/site-packages/django/contrib/contenttypes/admin.py first seen with mtime 1653454699.7409532
File /Library/Frameworks/Python.framework/Versions/3.9/lib/python3.9/site-packages/django/template/exceptions.py first seen with mtime 1653454700.834265
File /Library/Frameworks/Python.framework/Versions/3.9/lib/python3.9/site-packages/django/core/management/color.py first seen with mtime 1653454700.7098796
File /Library/Frameworks/Python.framework/Versions/3.9/lib/python3.9/site-packages/requests/sessions.py first seen with mtime 1656112556.6913285
File /Library/Frameworks/Python.framework/Versions/3.9/lib/python3.9/site-packages/bs4/builder/_lxml.py first seen with mtime 1656112524.5043068
File /Library/Frameworks/Python.framework/Versions/3.9/lib/python3.9/site-packages/selenium/webdriver/common/actions/action_builder.py first seen with mtime 1662701229.8707793
File /Library/Frameworks/Python.framework/Versions/3.9/lib/python3.9/site-packages/sqlparse/keywords.py first seen with mtime 1653454698.7546737
File /Library/Frameworks/Python.framework/Versions/3.9/lib/python3.9/site-packages/django/middleware/security.py first seen with mtime 1653454700.8300722
File /Library/Frameworks/Python.framework/Versions/3.9/lib/python3.9/site-packages/selenium/webdriver/remote/mobile.py first seen with mtime 1662701229.9948468
File /Library/Frameworks/Python.framework/Versions/3.9/lib/python3.9/site-packages/sqlparse/filters/right_margin.py first seen with mtime 1653454698.7624576
File /Library/Frameworks/Python.framework/Versions/3.9/lib/python3.9/site-packages/django/db/backends/base/client.py first seen with mtime 1653454700.730232
File /Library/Frameworks/Python.framework/Versions/3.9/lib/python3.9/lib-dynload/_struct.cpython-39-darwin.so first seen with mtime 1630356225.0
File /Library/Frameworks/Python.framework/Versions/3.9/lib/python3.9/site-packages/soupsieve/util.py first seen with mtime 1656112524.4497185
File /Library/Frameworks/Python.framework/Versions/3.9/lib/python3.9/copyreg.py first seen with mtime 1630355974.0
File /Library/Frameworks/Python.framework/Versions/3.9/lib/python3.9/site-packages/django/core/checks/messages.py first seen with mtime 1653454700.6935754
File /Library/Frameworks/Python.framework/Versions/3.9/lib/python3.9/site-packages/django/views/defaults.py first seen with mtime 1653454700.8735566
File /Library/Frameworks/Python.framework/Versions/3.9/lib/python3.9/site-packages/django/core/handlers/exception.py first seen with mtime 1653454700.7038934
File /Library/Frameworks/Python.framework/Versions/3.9/lib/python3.9/site-packages/django/views/generic/base.py first seen with mtime 1653454700.8789618
File /Library/Frameworks/Python.framework/Versions/3.9/lib/python3.9/site-packages/urllib3/contrib/socks.py first seen with mtime 1656112556.3465576
File /Library/Frameworks/Python.framework/Versions/3.9/lib/python3.9/abc.py first seen with mtime 1630355974.0
File /Library/Frameworks/Python.framework/Versions/3.9/lib/python3.9/ast.py first seen with mtime 1630355974.0
File /Library/Frameworks/Python.framework/Versions/3.9/lib/python3.9/site-packages/django/http/request.py first seen with mtime 1653454700.8257744
File /Library/Frameworks/Python.framework/Versions/3.9/lib/python3.9/site-packages/urllib3/contrib/_appengine_environ.py first seen with mtime 1656112556.344048
File /Library/Frameworks/Python.framework/Versions/3.9/lib/python3.9/site-packages/django/utils/deprecation.py first seen with mtime 1653454700.8585777
File /Library/Frameworks/Python.framework/Versions/3.9/lib/python3.9/site-packages/urllib3/fields.py first seen with mtime 1656112556.3410895
File /Library/Frameworks/Python.framework/Versions/3.9/lib/python3.9/importlib/resources.py first seen with mtime 1630355975.0
File /Library/Frameworks/Python.framework/Versions/3.9/lib/python3.9/site-packages/django/utils/translation/reloader.py first seen with mtime 1653454700.870568
File /Library/Frameworks/Python.framework/Versions/3.9/lib/python3.9/importlib/abc.py first seen with mtime 1630355975.0
File /Library/Frameworks/Python.framework/Versions/3.9/lib/python3.9/site-packages/django/urls/conf.py first seen with mtime 1653454700.8494842
File /Library/Frameworks/Python.framework/Versions/3.9/lib/python3.9/concurrent/futures/thread.py first seen with mtime 1630355976.0
File /Library/Frameworks/Python.framework/Versions/3.9/lib/python3.9/site-packages/requests/exceptions.py first seen with mtime 1656112556.68896
File /Library/Frameworks/Python.framework/Versions/3.9/lib/python3.9/xml/etree/ElementInclude.py first seen with mtime 1630355976.0
File /Library/Frameworks/Python.framework/Versions/3.9/lib/python3.9/site-packages/selenium/webdriver/remote/webelement.py first seen with mtime 1662701229.9980388
File /Library/Frameworks/Python.framework/Versions/3.9/lib/python3.9/site-packages/selenium/webdriver/chromium/service.py first seen with mtime 1662701229.8684082
File /Library/Frameworks/Python.framework/Versions/3.9/lib/python3.9/site-packages/django/db/models/functions/math.py first seen with mtime 1653454700.776357
File /Library/Frameworks/Python.framework/Versions/3.9/lib/python3.9/site-packages/asgiref/current_thread_executor.py first seen with mtime 1653454698.8258011
File /Library/Frameworks/Python.framework/Versions/3.9/lib/python3.9/site-packages/django/db/models/fields/json.py first seen with mtime 1653454700.770285
File /Library/Frameworks/Python.framework/Versions/3.9/lib/python3.9/site-packages/django/template/smartif.py first seen with mtime 1653454700.8363554
File /Library/Frameworks/Python.framework/Versions/3.9/lib/python3.9/site-packages/django/conf/urls/__init__.py first seen with mtime 1653454699.1411543
File /Library/Frameworks/Python.framework/Versions/3.9/lib/python3.9/site-packages/django/utils/http.py first seen with mtime 1653454700.86212
File /Library/Frameworks/Python.framework/Versions/3.9/lib/python3.9/site-packages/django/db/migrations/exceptions.py first seen with mtime 1653454700.7530346
File /Library/Frameworks/Python.framework/Versions/3.9/lib/python3.9/pathlib.py first seen with mtime 1630355974.0
File /Users/hai/Desktop/project2/python_search_engine/engine/apps.py first seen with mtime 1656118039.5222003
File /Library/Frameworks/Python.framework/Versions/3.9/lib/python3.9/site-packages/selenium/webdriver/ie/options.py first seen with mtime 1662701229.9890728
File /Library/Frameworks/Python.framework/Versions/3.9/lib/python3.9/site-packages/django/middleware/__init__.py first seen with mtime 1653454700.8267124
File /Library/Frameworks/Python.framework/Versions/3.9/lib/python3.9/site-packages/django/contrib/auth/backends.py first seen with mtime 1653454699.6016994
File /Library/Frameworks/Python.framework/Versions/3.9/lib/python3.9/__future__.py first seen with mtime 1630355974.0
File /Library/Frameworks/Python.framework/Versions/3.9/lib/python3.9/site-packages/selenium/webdriver/common/keys.py first seen with mtime 1662701229.9773204
File /Library/Frameworks/Python.framework/Versions/3.9/lib/python3.9/contextlib.py first seen with mtime 1630355974.0
File /Library/Frameworks/Python.framework/Versions/3.9/lib/python3.9/site-packages/django/db/backends/base/operations.py first seen with mtime 1653454700.7324953
File /Library/Frameworks/Python.framework/Versions/3.9/lib/python3.9/site-packages/django/core/management/commands/__init__.py first seen with mtime 1653454700.7114708
File /Library/Frameworks/Python.framework/Versions/3.9/lib/python3.9/site-packages/selenium/webdriver/common/__init__.py first seen with mtime 1662701229.869398
File /Library/Frameworks/Python.framework/Versions/3.9/lib/python3.9/site-packages/charset_normalizer/constant.py first seen with mtime 1656112556.621053
File /Library/Frameworks/Python.framework/Versions/3.9/lib/python3.9/site-packages/urllib3/util/ssl_match_hostname.py first seen with mtime 1656112556.3543124
File /Library/Frameworks/Python.framework/Versions/3.9/lib/python3.9/html/entities.py first seen with mtime 1630355976.0
File /Library/Frameworks/Python.framework/Versions/3.9/lib/python3.9/site-packages/django/db/backends/__init__.py first seen with mtime 1653454700.7275388
File /Library/Frameworks/Python.framework/Versions/3.9/lib/python3.9/site-packages/django/contrib/auth/base_user.py first seen with mtime 1653454699.602108
File /Library/Frameworks/Python.framework/Versions/3.9/lib/python3.9/site-packages/asgiref/__init__.py first seen with mtime 1653454698.8246887
File /Library/Frameworks/Python.framework/Versions/3.9/lib/python3.9/site-packages/django/forms/boundfield.py first seen with mtime 1653454700.7836158
File /Library/Frameworks/Python.framework/Versions/3.9/lib/python3.9/site-packages/requests/adapters.py first seen with mtime 1656112556.6860247
File /Library/Frameworks/Python.framework/Versions/3.9/lib/python3.9/site-packages/django/contrib/contenttypes/management/__init__.py first seen with mtime 1653454699.8548806
File /Library/Frameworks/Python.framework/Versions/3.9/lib/python3.9/site-packages/django/utils/decorators.py first seen with mtime 1653454700.857973
File /Library/Frameworks/Python.framework/Versions/3.9/lib/python3.9/site-packages/django/contrib/auth/middleware.py first seen with mtime 1653454699.6059396
File /Library/Frameworks/Python.framework/Versions/3.9/lib/python3.9/site-packages/django/contrib/staticfiles/management/commands/runserver.py first seen with mtime 1653454700.6821525
File /Library/Frameworks/Python.framework/Versions/3.9/lib/python3.9/site-packages/django/contrib/auth/checks.py first seen with mtime 1653454699.6025963
File /Library/Frameworks/Python.framework/Versions/3.9/lib/python3.9/site-packages/selenium/webdriver/common/by.py first seen with mtime 1662701229.876998
File /Library/Frameworks/Python.framework/Versions/3.9/lib/python3.9/site-packages/django/forms/fields.py first seen with mtime 1653454700.7842035
File /Library/Frameworks/Python.framework/Versions/3.9/lib/python3.9/site-packages/django/template/backends/django.py first seen with mtime 1653454700.838009
File /Library/Frameworks/Python.framework/Versions/3.9/lib/python3.9/site-packages/django/utils/module_loading.py first seen with mtime 1653454700.8649697
File /Library/Frameworks/Python.framework/Versions/3.9/lib/python3.9/importlib/machinery.py first seen with mtime 1630355975.0
File /Library/Frameworks/Python.framework/Versions/3.9/lib/python3.9/lib-dynload/_ssl.cpython-39-darwin.so first seen with mtime 1630356225.0
File /Library/Frameworks/Python.framework/Versions/3.9/lib/python3.9/site-packages/requests/auth.py first seen with mtime 1656112556.686988
File /Library/Frameworks/Python.framework/Versions/3.9/lib/python3.9/lib-dynload/_zoneinfo.cpython-39-darwin.so first seen with mtime 1630356226.0
File /Library/Frameworks/Python.framework/Versions/3.9/lib/python3.9/_osx_support.py first seen with mtime 1630355974.0
File /Library/Frameworks/Python.framework/Versions/3.9/lib/python3.9/site-packages/django/db/models/fields/proxy.py first seen with mtime 1653454700.771086
File /Library/Frameworks/Python.framework/Versions/3.9/lib/python3.9/site-packages/django/core/checks/translation.py first seen with mtime 1653454700.6951892
File /Library/Frameworks/Python.framework/Versions/3.9/lib/python3.9/site-packages/django/utils/duration.py first seen with mtime 1653454700.8590076
File /Library/Frameworks/Python.framework/Versions/3.9/lib/python3.9/site-packages/selenium/webdriver/edge/__init__.py first seen with mtime 1662701229.9823895
File /Library/Frameworks/Python.framework/Versions/3.9/lib/python3.9/asyncio/constants.py first seen with mtime 1630355975.0
File /Library/Frameworks/Python.framework/Versions/3.9/lib/python3.9/lib-dynload/_contextvars.cpython-39-darwin.so first seen with mtime 1630356223.0
File /Library/Frameworks/Python.framework/Versions/3.9/lib/python3.9/site-packages/django/forms/utils.py first seen with mtime 1653454700.7866228
File /Library/Frameworks/Python.framework/Versions/3.9/lib/python3.9/http/cookies.py first seen with mtime 1630355976.0
File /Library/Frameworks/Python.framework/Versions/3.9/lib/python3.9/unittest/result.py first seen with mtime 1630355977.0
File /Library/Frameworks/Python.framework/Versions/3.9/lib/python3.9/site-packages/sqlparse/engine/__init__.py first seen with mtime 1653454698.7572434
File /Library/Frameworks/Python.framework/Versions/3.9/lib/python3.9/site-packages/django/utils/connection.py first seen with mtime 1653454700.8545876
File /Library/Frameworks/Python.framework/Versions/3.9/lib/python3.9/site-packages/charset_normalizer/__init__.py first seen with mtime 1656112556.6188738
File /Library/Frameworks/Python.framework/Versions/3.9/lib/python3.9/site-packages/asgiref/local.py first seen with mtime 1653454698.826288
File /Library/Frameworks/Python.framework/Versions/3.9/lib/python3.9/site-packages/django/core/servers/__init__.py first seen with mtime 1653454700.7252977
File /Library/Frameworks/Python.framework/Versions/3.9/lib/python3.9/site-packages/django/shortcuts.py first seen with mtime 1653454698.9565604
File /Library/Frameworks/Python.framework/Versions/3.9/lib/python3.9/email/mime/multipart.py first seen with mtime 1630355976.0
File /Library/Frameworks/Python.framework/Versions/3.9/lib/python3.9/site-packages/django/utils/lorem_ipsum.py first seen with mtime 1653454700.8645592
File /Library/Frameworks/Python.framework/Versions/3.9/lib/python3.9/uuid.py first seen with mtime 1630355974.0
File /Library/Frameworks/Python.framework/Versions/3.9/lib/python3.9/site-packages/django/contrib/messages/apps.py first seen with mtime 1653454700.2773569
File /Library/Frameworks/Python.framework/Versions/3.9/lib/python3.9/site-packages/soupsieve/__init__.py first seen with mtime 1656112524.44621
File /Library/Frameworks/Python.framework/Versions/3.9/lib/python3.9/urllib/response.py first seen with mtime 1630355976.0
File /Library/Frameworks/Python.framework/Versions/3.9/lib/python3.9/asyncio/events.py first seen with mtime 1630355975.0
File /Library/Frameworks/Python.framework/Versions/3.9/lib/python3.9/site-packages/bs4/element.py first seen with mtime 1656112524.5012693
File /Library/Frameworks/Python.framework/Versions/3.9/lib/python3.9/site-packages/django/template/defaulttags.py first seen with mtime 1653454700.833389
File /Library/Frameworks/Python.framework/Versions/3.9/lib/python3.9/shutil.py first seen with mtime 1630355974.0
File /Library/Frameworks/Python.framework/Versions/3.9/lib/python3.9/tempfile.py first seen with mtime 1630355974.0
File /Users/hai/Desktop/project2/python_search_engine/manage.py first seen with mtime 1658910971.9358048
File /Library/Frameworks/Python.framework/Versions/3.9/lib/python3.9/site-packages/django/template/base.py first seen with mtime 1653454700.8314917
File /Library/Frameworks/Python.framework/Versions/3.9/lib/python3.9/site-packages/urllib3/filepost.py first seen with mtime 1656112556.3415694
File /Library/Frameworks/Python.framework/Versions/3.9/lib/python3.9/site-packages/soupsieve/__meta__.py first seen with mtime 1656112524.446693
File /Library/Frameworks/Python.framework/Versions/3.9/lib/python3.9/asyncio/runners.py first seen with mtime 1630355975.0
File /Library/Frameworks/Python.framework/Versions/3.9/lib/python3.9/email/errors.py first seen with mtime 1630355976.0
File /Library/Frameworks/Python.framework/Versions/3.9/lib/python3.9/site-packages/django/db/models/query_utils.py first seen with mtime 1653454700.7677498
File /Library/Frameworks/Python.framework/Versions/3.9/lib/python3.9/site-packages/django/views/csrf.py first seen with mtime 1653454700.8726518
File /Library/Frameworks/Python.framework/Versions/3.9/lib/python3.9/site-packages/django/contrib/staticfiles/views.py first seen with mtime 1653454700.6801455
File /Library/Frameworks/Python.framework/Versions/3.9/lib/python3.9/site-packages/selenium/webdriver/common/proxy.py first seen with mtime 1662701229.979739
File /Library/Frameworks/Python.framework/Versions/3.9/lib/python3.9/site-packages/selenium/webdriver/common/actions/input_device.py first seen with mtime 1662701229.8711908
File /Library/Frameworks/Python.framework/Versions/3.9/lib/python3.9/lib-dynload/_elementtree.cpython-39-darwin.so first seen with mtime 1630356223.0
File /Library/Frameworks/Python.framework/Versions/3.9/lib/python3.9/site-packages/selenium/webdriver/common/virtual_authenticator.py first seen with mtime 1662701229.9815052
File /Library/Frameworks/Python.framework/Versions/3.9/lib/python3.9/site-packages/django/contrib/admin/options.py first seen with mtime 1653454699.1478193
File /Library/Frameworks/Python.framework/Versions/3.9/lib/python3.9/site-packages/django/urls/exceptions.py first seen with mtime 1653454700.8502502
File /Library/Frameworks/Python.framework/Versions/3.9/lib/python3.9/lzma.py first seen with mtime 1630355974.0
File /Library/Frameworks/Python.framework/Versions/3.9/lib/python3.9/lib-dynload/_sha512.cpython-39-darwin.so first seen with mtime 1630356225.0
File /Library/Frameworks/Python.framework/Versions/3.9/lib/python3.9/site-packages/django/contrib/admin/templatetags/log.py first seen with mtime 1653454699.4773514
File /Library/Frameworks/Python.framework/Versions/3.9/lib/python3.9/xml/dom/domreg.py first seen with mtime 1630355976.0
File /Library/Frameworks/Python.framework/Versions/3.9/lib/python3.9/site-packages/django/core/files/images.py first seen with mtime 1653454700.699306
File /Library/Frameworks/Python.framework/Versions/3.9/lib/python3.9/site-packages/django/core/files/storage.py first seen with mtime 1653454700.7005823
File /Library/Frameworks/Python.framework/Versions/3.9/lib/python3.9/site-packages/django/core/files/uploadedfile.py first seen with mtime 1653454700.7013924
File /Library/Frameworks/Python.framework/Versions/3.9/lib/python3.9/contextvars.py first seen with mtime 1630355974.0
File /Library/Frameworks/Python.framework/Versions/3.9/lib/python3.9/lib-dynload/_json.cpython-39-darwin.so first seen with mtime 1630356224.0
File /Library/Frameworks/Python.framework/Versions/3.9/lib/python3.9/site-packages/django/db/backends/base/creation.py first seen with mtime 1653454700.730702
File /Library/Frameworks/Python.framework/Versions/3.9/lib/python3.9/site-packages/django/views/generic/edit.py first seen with mtime 1653454700.8803544
File /Library/Frameworks/Python.framework/Versions/3.9/lib/python3.9/site-packages/django/core/checks/security/sessions.py first seen with mtime 1653454700.6978056
File /Library/Frameworks/Python.framework/Versions/3.9/lib/python3.9/email/encoders.py first seen with mtime 1630355976.0
File /Library/Frameworks/Python.framework/Versions/3.9/lib/python3.9/site-packages/urllib3/util/url.py first seen with mtime 1656112556.3558342
File /Library/Frameworks/Python.framework/Versions/3.9/lib/python3.9/site-packages/selenium/webdriver/common/desired_capabilities.py first seen with mtime 1662701229.877415
File /Library/Frameworks/Python.framework/Versions/3.9/lib/python3.9/encodings/aliases.py first seen with mtime 1630355976.0
File /Users/hai/Desktop/project2/python_search_engine/python_search_engine/settings.py first seen with mtime 1663630616.3327274
File /Library/Frameworks/Python.framework/Versions/3.9/lib/python3.9/site-packages/django/core/files/uploadhandler.py first seen with mtime 1653454700.701828
File /Library/Frameworks/Python.framework/Versions/3.9/lib/python3.9/site-packages/selenium/webdriver/edge/options.py first seen with mtime 1662701229.9829178
File /Library/Frameworks/Python.framework/Versions/3.9/lib/python3.9/site-packages/bs4/dammit.py first seen with mtime 1656112524.499752
File /Library/Frameworks/Python.framework/Versions/3.9/lib/python3.9/site-packages/django/contrib/admin/templatetags/__init__.py first seen with mtime 1653454699.4747565
File /Library/Frameworks/Python.framework/Versions/3.9/lib/python3.9/site-packages/django/core/paginator.py first seen with mtime 1653454700.6850815
File /Library/Frameworks/Python.framework/Versions/3.9/lib/python3.9/stringprep.py first seen with mtime 1630355974.0
File /Library/Frameworks/Python.framework/Versions/3.9/lib/python3.9/email/mime/base.py first seen with mtime 1630355976.0
File /Library/Frameworks/Python.framework/Versions/3.9/lib/python3.9/asyncio/trsock.py first seen with mtime 1630355975.0
File /Library/Frameworks/Python.framework/Versions/3.9/lib/python3.9/site-packages/idna/__init__.py first seen with mtime 1656112556.4657629
File /Library/Frameworks/Python.framework/Versions/3.9/lib/python3.9/site-packages/django/contrib/staticfiles/utils.py first seen with mtime 1653454700.6797616
File /Library/Frameworks/Python.framework/Versions/3.9/lib/python3.9/site-packages/django/forms/formsets.py first seen with mtime 1653454700.7851927
File /Library/Frameworks/Python.framework/Versions/3.9/lib/python3.9/site-packages/django/template/loaders/app_directories.py first seen with mtime 1653454700.8399436
File /Library/Frameworks/Python.framework/Versions/3.9/lib/python3.9/dis.py first seen with mtime 1630355974.0
File /Library/Frameworks/Python.framework/Versions/3.9/lib/python3.9/site-packages/django/views/__init__.py first seen with mtime 1653454700.8722386
File /Library/Frameworks/Python.framework/Versions/3.9/lib/python3.9/site-packages/selenium/webdriver/common/actions/wheel_input.py first seen with mtime 1662701229.8747213
File /Library/Frameworks/Python.framework/Versions/3.9/lib/python3.9/site-packages/django/contrib/staticfiles/apps.py first seen with mtime 1653454700.6767693
File /Library/Frameworks/Python.framework/Versions/3.9/lib/python3.9/site-packages/django/contrib/staticfiles/management/__init__.py first seen with mtime 1653454700.6804779
File /Library/Frameworks/Python.framework/Versions/3.9/lib/python3.9/site-packages/selenium/webdriver/common/html5/application_cache.py first seen with mtime 1662701229.9767916
File /Users/hai/Desktop/project2/python_search_engine/engine/templates/.DS_Store first seen with mtime 1658356863.7067325
File /Users/hai/Desktop/project2/python_search_engine/engine/templates/engine first seen with mtime 1664695499.0
File /Users/hai/Desktop/project2/python_search_engine/engine/templates/engine/home.html first seen with mtime 1664695470.4431915
File /Users/hai/Desktop/project2/python_search_engine/engine/templates/engine/.DS_Store first seen with mtime 1656564691.5500607
File /Users/hai/Desktop/project2/python_search_engine/engine/templates/engine/about.html first seen with mtime 1657918206.2162857
File /Users/hai/Desktop/project2/python_search_engine/engine/templates/engine/results.html first seen with mtime 1663645924.2751043
File /Users/hai/Desktop/project2/python_search_engine/engine/templates/engine/urls.py first seen with mtime 1662960894.6728873
File /Library/Frameworks/Python.framework/Versions/3.9/lib/python3.9/site-packages/django/contrib/auth/migrations/__init__.py first seen with mtime 1653454699.7389495
File /Library/Frameworks/Python.framework/Versions/3.9/lib/python3.9/site-packages/django/contrib/auth/migrations/0004_alter_user_username_opts.py first seen with mtime 1653454699.7346332
File /Library/Frameworks/Python.framework/Versions/3.9/lib/python3.9/site-packages/django/contrib/admin/migrations/0001_initial.py first seen with mtime 1653454699.3773322
File /Library/Frameworks/Python.framework/Versions/3.9/lib/python3.9/site-packages/django/contrib/contenttypes/migrations/0002_remove_content_type_name.py first seen with mtime 1653454699.856804
File /Library/Frameworks/Python.framework/Versions/3.9/lib/python3.9/site-packages/django/contrib/admin/migrations/0002_logentry_remove_auto_add.py first seen with mtime 1653454699.3777826
File /Users/hai/Desktop/project2/python_search_engine/engine/migrations/__init__.py first seen with mtime 1656118039.5240316
File /Library/Frameworks/Python.framework/Versions/3.9/lib/python3.9/site-packages/django/contrib/auth/migrations/0006_require_contenttypes_0002.py first seen with mtime 1653454699.7355833
File /Library/Frameworks/Python.framework/Versions/3.9/lib/python3.9/site-packages/django/contrib/auth/migrations/0007_alter_validators_add_error_messages.py first seen with mtime 1653454699.7360485
File /Library/Frameworks/Python.framework/Versions/3.9/lib/python3.9/site-packages/django/middleware/clickjacking.py first seen with mtime 1653454700.8275878
File /Library/Frameworks/Python.framework/Versions/3.9/lib/python3.9/site-packages/django/contrib/auth/migrations/0001_initial.py first seen with mtime 1653454699.7332687
File /Library/Frameworks/Python.framework/Versions/3.9/lib/python3.9/site-packages/django/contrib/sessions/backends/db.py first seen with mtime 1653454700.4798515
File /Library/Frameworks/Python.framework/Versions/3.9/lib/python3.9/site-packages/django/contrib/auth/migrations/0011_update_proxy_permissions.py first seen with mtime 1653454699.7381954
File /Library/Frameworks/Python.framework/Versions/3.9/lib/python3.9/site-packages/django/contrib/auth/migrations/0009_alter_user_last_name_max_length.py first seen with mtime 1653454699.7372196
File /Library/Frameworks/Python.framework/Versions/3.9/lib/python3.9/site-packages/django/contrib/auth/migrations/0005_alter_user_last_login_null.py first seen with mtime 1653454699.7351327
File /Library/Frameworks/Python.framework/Versions/3.9/lib/python3.9/site-packages/django/contrib/admin/migrations/0003_logentry_add_action_flag_choices.py first seen with mtime 1653454699.3782368
File /Library/Frameworks/Python.framework/Versions/3.9/lib/python3.9/site-packages/django/contrib/contenttypes/migrations/__init__.py first seen with mtime 1653454699.857271
File /Library/Frameworks/Python.framework/Versions/3.9/lib/python3.9/site-packages/django/contrib/auth/migrations/0012_alter_user_first_name_max_length.py first seen with mtime 1653454699.7386076
File /Library/Frameworks/Python.framework/Versions/3.9/lib/python3.9/site-packages/django/contrib/auth/migrations/0002_alter_permission_name_max_length.py first seen with mtime 1653454699.7337067
File /Library/Frameworks/Python.framework/Versions/3.9/lib/python3.9/site-packages/django/contrib/contenttypes/migrations/0001_initial.py first seen with mtime 1653454699.856277
File /Library/Frameworks/Python.framework/Versions/3.9/lib/python3.9/site-packages/django/db/models/sql/compiler.py first seen with mtime 1653454700.7787688
File /Library/Frameworks/Python.framework/Versions/3.9/lib/python3.9/site-packages/django/contrib/auth/migrations/0008_alter_user_username_max_length.py first seen with mtime 1653454699.7365623
File /Users/hai/Desktop/project2/python_search_engine/python_search_engine/wsgi.py first seen with mtime 1656118025.1224134
File /Library/Frameworks/Python.framework/Versions/3.9/lib/python3.9/site-packages/django/contrib/admin/migrations/__init__.py first seen with mtime 1653454699.3785825
File /Library/Frameworks/Python.framework/Versions/3.9/lib/python3.9/site-packages/django/contrib/auth/migrations/0010_alter_group_name_max_length.py first seen with mtime 1653454699.737766
File /Library/Frameworks/Python.framework/Versions/3.9/lib/python3.9/site-packages/django/contrib/sessions/migrations/0001_initial.py first seen with mtime 1653454700.574505
File /Library/Frameworks/Python.framework/Versions/3.9/lib/python3.9/site-packages/django/contrib/sessions/migrations/__init__.py first seen with mtime 1653454700.5747943
File /Library/Frameworks/Python.framework/Versions/3.9/lib/python3.9/site-packages/django/contrib/auth/migrations/0003_alter_user_email_max_length.py first seen with mtime 1653454699.7341304
File /Library/Frameworks/Python.framework/Versions/3.9/lib/python3.9/site-packages/django/db/migrations/recorder.py first seen with mtime 1653454700.7561228
File /Library/Frameworks/Python.framework/Versions/3.9/lib/python3.9/site-packages/django/contrib/sessions/serializers.py first seen with mtime 1653454700.4777968
File /Library/Frameworks/Python.framework/Versions/3.9/lib/python3.9/site-packages/django/contrib/messages/storage/fallback.py first seen with mtime 1653454700.2822285
File /Library/Frameworks/Python.framework/Versions/3.9/lib/python3.9/site-packages/django/contrib/messages/storage/base.py first seen with mtime 1653454700.2812345
File /Library/Frameworks/Python.framework/Versions/3.9/lib/python3.9/site-packages/django/contrib/messages/storage/session.py first seen with mtime 1653454700.2827065
File /Library/Frameworks/Python.framework/Versions/3.9/lib/python3.9/site-packages/django/contrib/messages/storage/cookie.py first seen with mtime 1653454700.2817252
File /Library/Frameworks/Python.framework/Versions/3.9/lib/python3.9/site-packages/django/contrib/messages/utils.py first seen with mtime 1653454700.2794945
File /Library/Frameworks/Python.framework/Versions/3.9/lib/python3.9/shlex.py first seen with mtime 1630355974.0
File /Library/Frameworks/Python.framework/Versions/3.9/lib/python3.9/netrc.py first seen with mtime 1630355974.0
Exception while resolving variable 'error_text' in template 'engine/results.html'.
Traceback (most recent call last):
  File "/Library/Frameworks/Python.framework/Versions/3.9/lib/python3.9/site-packages/django/template/base.py", line 875, in _resolve_lookup
    current = current[bit]
  File "/Library/Frameworks/Python.framework/Versions/3.9/lib/python3.9/site-packages/django/template/context.py", line 83, in __getitem__
    raise KeyError(key)
KeyError: 'error_text'

During handling of the above exception, another exception occurred:

Traceback (most recent call last):
  File "/Library/Frameworks/Python.framework/Versions/3.9/lib/python3.9/site-packages/django/template/base.py", line 881, in _resolve_lookup
    if isinstance(current, BaseContext) and getattr(
AttributeError: type object 'RequestContext' has no attribute 'error_text'

During handling of the above exception, another exception occurred:

Traceback (most recent call last):
  File "/Library/Frameworks/Python.framework/Versions/3.9/lib/python3.9/site-packages/django/template/base.py", line 891, in _resolve_lookup
    current = current[int(bit)]
ValueError: invalid literal for int() with base 10: 'error_text'

During handling of the above exception, another exception occurred:

Traceback (most recent call last):
  File "/Library/Frameworks/Python.framework/Versions/3.9/lib/python3.9/site-packages/django/template/base.py", line 898, in _resolve_lookup
    raise VariableDoesNotExist(
django.template.base.VariableDoesNotExist: Failed lookup for key [error_text] in [{'True': True, 'False': False, 'None': None}, {'csrf_token': <SimpleLazyObject: <function csrf.<locals>._get_val at 0x7fa9ef368310>>, 'request': <WSGIRequest: GET '/seek?job=python&location=auckland&page=2'>, 'user': <SimpleLazyObject: <function AuthenticationMiddleware.process_request.<locals>.<lambda> at 0x7fa9ee9b0c10>>, 'perms': PermWrapper(<SimpleLazyObject: <function AuthenticationMiddleware.process_request.<locals>.<lambda> at 0x7fa9ee9b0c10>>), 'messages': <FallbackStorage: request=<WSGIRequest: GET '/seek?job=python&location=auckland&page=2'>>, 'DEFAULT_MESSAGE_LEVELS': {'DEBUG': 10, 'INFO': 20, 'SUCCESS': 25, 'WARNING': 30, 'ERROR': 40}}, {}, {'search_results': [('https://www.seek.co.nz/job/58702783?type=promoted#sol=c01f350724feb568c0e614d27f1de473093a8d07', 'Specialist, Deployment & Enhancement', 'Amazing opportunity', 'IAG', 'Featured', 'Featured'), ('https://www.seek.co.nz/job/58687234?type=promoted#sol=0898a5224cf7706afdb583e1a95e3790d44f63b8', 'QA Engineer', 'Join us at Parkable at a serious inflection point in our history, be part of an epic Product Team. Work with the latest technologies and cool peeps!', 'Parkable', 'Featured', 'Featured'), ('https://www.seek.co.nz/job/58697574?type=standout#sol=4cb90c267479fa9eb2673e99bf2d9a1f87fb0180', 'Platform Engineer', 'We are on the lookout for an experienced Platform Engineer to join the team here at Westpac. Keen to hear more? Apply now!', 'Westpac', '5h ago', '5h ago'), ('https://www.seek.co.nz/job/58697062?type=standout#sol=52bd9400eb9c2cf4e1139dc034c0b5d69246b67d', 'Software Consultant (.NET) - Development Chapter', 'Play a key role in shaping the future of banking here at ASB', 'ASB Bank Limited', '6h ago', '6h ago'), ('https://www.seek.co.nz/job/58696954?type=standout#sol=983df1e749e03be92ef2a6a167ae78528503851e', 'Director of Software Development', 'Bona fide Intl NZ software vendor, largest customers in world, Software suite designed to provide equality of access to all', 'Potentia', '6h ago', '6h ago'), ('https://www.seek.co.nz/job/58696847?type=standout#sol=6325aa7e6f1cc9cae56d56aa1069907a8f8dc8d7', 'Engineer II - Ground Systems Engineering Structures & Mechanisms', 'Great opportunity for a mechanical/process/industrial engineer to join our ground systems team at Rocket Lab!', 'Rocket Lab', '6h ago', '6h ago'), ('https://www.seek.co.nz/job/58696815?type=standout#sol=8df8b8a0fa3d5b587bf4388fdbb6daaa30d46b59', 'Project Engineer II: Ground Systems.', 'We are looking for a dedicated Project Engineer to assist in developing our Ground systems infrastructure at Rocket Lab', 'Rocket Lab', '6h ago', '6h ago'), ('https://www.seek.co.nz/job/58696783?type=standout#sol=7b50c0ba3c399ad2b6485384cccc184cabaf6ad8', 'Graduate Programme January 2023 Intake - Auckland', "Jump start your career with New Zealand's largest independent quality engineering team!", 'Planit Test Management Solutions', '6h ago', '6h ago'), ('https://www.seek.co.nz/job/58696099?type=standout#sol=5cc7c2480e06a39da995ce6a14e98acfd0169d1e', 'Tech Lead', 'Our client is a large enterprise, within the hospitality industry. They believe in investing in their team and looking for a Tech Lead to join them', 'Younity', '6h ago', '6h ago'), ('https://www.seek.co.nz/job/58696088?type=standout#sol=68b561a6db66de1a07bdef3355c6f1624dc81d12', 'Principal Software Engineer', 'You will be responsible for providing sound design, process, and technical input in the creation and ongoing maintenance of Serkos software solutions', 'Serko Limited', '6h ago', '6h ago'), ('https://www.seek.co.nz/job/58695450?type=standout#sol=5a10754f2a79f5a11a71db322b6cba307751fe77', 'Cyber Security Analyst - Tier 1', 'The Company: These are exciting times in the ICT world as Spark makes a radical shift from being the national telecommunications provider to being a g', 'Spark New Zealand Trading Limited', '7h ago', '7h ago'), ('https://www.seek.co.nz/job/58695135?type=standard#sol=bf1fff9aa55c43487860e4e47a1ed82ab1e341d2', 'Integration Developer', 'The Company: These are exciting times in the ICT world as Spark makes a radical shift from being the national telecommunications provider to being a g', 'Beyond Recruitment - Winner - Best Innovation -2018 Global Recruiter Awards', '7h ago', '7h ago'), ('https://www.seek.co.nz/job/58694135?type=standout#sol=908a15b5483f408bd3e39ddd61b203dc30b7003b', 'Embedded software engineer (Intermediate / Senior)', '*Work with one of the best brands on NZ\n*Open for both intermediate and senior candidates\n*Flexible and Hybrid\n*Flexible with role & hierarchy', 'salt', '8h ago', '8h ago'), ('https://www.seek.co.nz/job/58693437?type=standout#sol=363ce4f24c97e5d02429a8a900d66412d579dfcf', 'Integration Engineer', 'Were looking for a motivated Integration Engineer ready to take a great leap forward and join our hard-working and high-performing Projects team.', 'Ando', '8h ago', '8h ago'), ('https://www.seek.co.nz/job/58693316?type=standout#sol=dae7e661910b839a55b85f493636d9c2a29d5cd6', 'Senior Customer Engagement Analyst', 'This newly created role requires a lot of problem solving and structure to play a part in building a world leading capability for customer engagement.', 'BNZ', '8h ago', '8h ago'), ('https://www.seek.co.nz/job/58692951?type=standard#sol=912d1e10db596d36fbf17a2e68c8a8f06c8a2746', 'Senior API Developer', 'This newly created role requires a lot of problem solving and structure to play a part in building a world leading capability for customer engagement.', 'H2R Technology Limited', '9h ago', '9h ago'), ('https://www.seek.co.nz/job/58692780?type=standout#sol=a4f58b9ba195e4cefe93c6e894e0ced1b6cac9af', 'Senior Azure DevOps Consultant', 'This newly created role requires a lot of problem solving and structure to play a part in building a world leading capability for customer engagement.', '40 Foot Consulting Limited', '9h ago', '9h ago'), ('https://www.seek.co.nz/job/58692777?type=standout#sol=875d72d4d79296ba1ca6ec80ce1a29b38909a7dd', 'Senior DevOps Engineer', 'Our client is looking for a DevOps Engineer to come and join their tech savvy team.', 'Find IT Recruitment', '9h ago', '9h ago'), ('https://www.seek.co.nz/job/58692696?type=standout#sol=8a94213aabc885496cbe10d62ab886158d5f6dae', 'Senior Campaign Analyst - Fixed Term Contract', 'Use data to reach and engage customers to promote evolving Financial Products.', 'Find Recruitment', '9h ago', '9h ago'), ('https://www.seek.co.nz/job/58692541?type=standout#sol=0ca0ae460d3a7e59c04ca7832a2c82b7adb247c1', 'DevOps and Integration Programmer', "New Zealand eScience Infrastructure - is New Zealand's high-performance computing research infrastructure.", 'The University of Auckland', '9h ago', '9h ago'), ('https://www.seek.co.nz/job/58692540?type=standout#sol=78efdb519a7ab8c853adce273cd0ff3c60e6ee21', 'DevOps and Integration Programmer', "New Zealand eScience Infrastructure - is New Zealand's high-performance computing research infrastructure.", 'The University of Auckland', '9h ago', '9h ago'), ('https://www.seek.co.nz/job/58692485?type=standout#sol=1249cf64560d52f50c83c0619071259663e6ad37', 'Kaiwhakahaere | Manager Climate - science, data and reporting (multiple roles)', 'Exciting opportunity to lead a diverse and multi-disciplinary team of data, science and policy professionals.', 'Ministry for the Environment', '9h ago', '9h ago')], 'query': 'python', 'site': 'seek', 'loc': 'auckland', 'search_pages': [('/python-jobs/in-All-Auckland?sortmode=ListedDate', '1'), ('3', '3'), ('4', '4'), ('5', '5'), ('6', '6')], 'prev_page': [('/python-jobs/in-All-Auckland?sortmode=ListedDate', 'Prev')], 'next_page': [('3', 'Next')], 'job_counts': '715'}]
"GET /seek?job=python&location=auckland&page=2 HTTP/1.1" 200 16398
File /Library/Frameworks/Python.framework/Versions/3.9/lib/python3.9/site-packages/django/contrib/auth/context_processors.py first seen with mtime 1653454699.603766
File /Library/Frameworks/Python.framework/Versions/3.9/lib/python3.9/site-packages/django/contrib/messages/context_processors.py first seen with mtime 1653454700.2783232
File /Library/Frameworks/Python.framework/Versions/3.9/lib/python3.9/site-packages/django/template/context_processors.py first seen with mtime 1653454700.832314
Exception while resolving variable 'error_text' in template 'engine/results.html'.
Traceback (most recent call last):
  File "/Library/Frameworks/Python.framework/Versions/3.9/lib/python3.9/site-packages/django/template/base.py", line 875, in _resolve_lookup
    current = current[bit]
  File "/Library/Frameworks/Python.framework/Versions/3.9/lib/python3.9/site-packages/django/template/context.py", line 83, in __getitem__
    raise KeyError(key)
KeyError: 'error_text'

During handling of the above exception, another exception occurred:

Traceback (most recent call last):
  File "/Library/Frameworks/Python.framework/Versions/3.9/lib/python3.9/site-packages/django/template/base.py", line 881, in _resolve_lookup
    if isinstance(current, BaseContext) and getattr(
AttributeError: type object 'RequestContext' has no attribute 'error_text'

During handling of the above exception, another exception occurred:

Traceback (most recent call last):
  File "/Library/Frameworks/Python.framework/Versions/3.9/lib/python3.9/site-packages/django/template/base.py", line 891, in _resolve_lookup
    current = current[int(bit)]
ValueError: invalid literal for int() with base 10: 'error_text'

During handling of the above exception, another exception occurred:

Traceback (most recent call last):
  File "/Library/Frameworks/Python.framework/Versions/3.9/lib/python3.9/site-packages/django/template/base.py", line 898, in _resolve_lookup
    raise VariableDoesNotExist(
django.template.base.VariableDoesNotExist: Failed lookup for key [error_text] in [{'True': True, 'False': False, 'None': None}, {'csrf_token': <SimpleLazyObject: <function csrf.<locals>._get_val at 0x7fa9ef3a6af0>>, 'request': <WSGIRequest: GET '/seek?job=python&location=auckland&page=6'>, 'user': <SimpleLazyObject: <function AuthenticationMiddleware.process_request.<locals>.<lambda> at 0x7fa9ee9a3430>>, 'perms': PermWrapper(<SimpleLazyObject: <function AuthenticationMiddleware.process_request.<locals>.<lambda> at 0x7fa9ee9a3430>>), 'messages': <FallbackStorage: request=<WSGIRequest: GET '/seek?job=python&location=auckland&page=6'>>, 'DEFAULT_MESSAGE_LEVELS': {'DEBUG': 10, 'INFO': 20, 'SUCCESS': 25, 'WARNING': 30, 'ERROR': 40}}, {}, {'search_results': [('https://www.seek.co.nz/job/58520542?type=promoted#sol=8e1ddce81b79fea705b0974a2502e205723c01d3', 'Automation Test Engineer', 'You will use your expertise in Python and Linux to evolve our automated test framework for continuous test and validation of embedded products.', 'Teletrac Navman', 'Featured', 'Featured'), ('https://www.seek.co.nz/job/58654969?type=promoted#sol=2192d79e5cc74e2bc00af6465affe160018ea7a8', 'Senior Cloud & Platform Engineer', 'Be a senior member of our team, responsible for design, build, deployment and technical operations of our core infrastructure and systems, in AWS!', 'Vector', 'Featured', 'Featured'), ('https://www.seek.co.nz/job/58668660?type=standout#sol=e835e50ca36479dff3f29976362d44c18c88de6e', 'Contract Data Analyst / 4 Day Week', 'Work for a leading Fin Services brand whilst maintaining a great work-life balance!', 'Halo Consulting Ltd', '4d ago', '4d ago'), ('https://www.seek.co.nz/job/58668544?type=standout#sol=3b055df3db5b9733c56a7688c030f2cd780a09a8', 'Senior Test Engineer (6 month contract)', 'Your CV portfolio will be unique upon completion of these projects! Health & Fitness "feel-good factor" Virtual Applications, Avatars and \'Coolness\'.', 'Absolute IT Limited', '4d ago', '4d ago'), ('https://www.seek.co.nz/job/58668395?type=standout#sol=379646a0e199c42a58b23f7e3ca2d154bb5582b2', 'R&D Support/Test Engineer', 'We are now looking for a motivated R&D Support/Test Engineer with building security, automation and access-control experience to join our team!', 'Integrated Control Technology', '4d ago', '4d ago'), ('https://www.seek.co.nz/job/58668240?type=standout#sol=4aa71260413d51aa387169af1c2e4dcf0526c37a', 'Chapter Lead - Data Engineering', 'Play a key role in shaping the future of banking here at ASB', 'ASB Bank Limited', '4d ago', '4d ago'), ('https://www.seek.co.nz/job/58668198?type=standout#sol=4a7667d4347acba46ace6363e65690ef569dbd82', 'Software Engineer - Senior - C++', 'We are looking for a Senior C++ Engineer to join us!', 'Gentrack Limited', '4d ago', '4d ago'), ('https://www.seek.co.nz/job/58667918?type=standout#sol=34be04adf361aeb504ac44d331d33556d42c08e9', 'Database Architect', 'Build and maintain OfficeMaxs data warehouse environments. Take the next step in your career and lead this function, building an innovative platform', 'OfficeMax New Zealand Limited', '4d ago', '4d ago'), ('https://www.seek.co.nz/job/58667294?type=standout#sol=8925de8b9e23f84bdf8a43f50f2e334a151c1f65', 'System Integration Engineer', "We're looking for data driven technical project manager and systems expert - in other words a jack of all trades to join our team and help ezyVet grow", 'ezyVet Limited', '4d ago', '4d ago'), ('https://www.seek.co.nz/job/58667181?type=standout#sol=84d2b1de956abe2c4431bb5042e19484806b1170', 'Senior Digital Analyst', 'Exciting opportunity for a Digital Analyst to join Tower on a fixed-term, parental leave basis, and step into the Senior Digital Analyst vacancy', 'Tower Limited', '4d ago', '4d ago'), ('https://www.seek.co.nz/job/58666961?type=standout#sol=712be6723d8d641bd67044c9d0b06071ac0d9df9', 'QA & Test Lead', 'Green field opportunity in a well-funded Kiwi tech start-up with work from home options, ESOP, unlimited annual leave', 'Osho', '4d ago', '4d ago'), ('https://www.seek.co.nz/job/58666928?type=standout#sol=a3e12f917d03d93861b64d6461b408f6341fa3a3', 'Service Owner', 'We are looking for an experienced and passionate Service Owner / Software Product Owner (SO) to join our Software Factory group.', 'Westpac', '4d ago', '4d ago'), ('https://www.seek.co.nz/job/58666130?type=standout#sol=937ff5a0efadc789dd885d6c96fe57491e936b41', 'Learning Designers and Developers', 'We are looking for capable and committed learning designers on a contract basis to work on a variety of learning projects.', 'Inspire Group', '4d ago', '4d ago'), ('https://www.seek.co.nz/job/58665877?type=standout#sol=3b326cff173a3461152065bc64445ec83bd42673', 'Loads & Environments Analyst', 'Exciting opportunity for a Loads & Environments Analyst to join the Rocket Lab team!', 'Rocket Lab', '4d ago', '4d ago'), ('https://www.seek.co.nz/job/58665008?type=standout#sol=cdaa88f27654f80b8b1a2b056c96337fb1ef99b8', 'Head of Software Delivery', 'Make a meaningful difference for New Zealanders, while making good use of your exceptional technical leadership skills.', 'Alexander James Limited', '4d ago', '4d ago'), ('https://www.seek.co.nz/job/58664973?type=standout#sol=5d1168cc7854e74377a0e7bbc7c0596bd06f07d1', 'Senior Integration Developer', "We're on the look out for two Senior Integration Developers to join our team! If you're looking for a change-up, get in touch today!", 'Watercare Services Limited', '4d ago', '4d ago'), ('https://www.seek.co.nz/job/58664673?type=standout#sol=92e917f61bc7cf29b5530d35bb3d30edaff6dffa', 'Solution Architect', 'We are looking for an experienced Solutions Architect to join the team.', 'Ttaki Auckland Unlimited', '4d ago', '4d ago'), ('https://www.seek.co.nz/job/58664515?type=standard#sol=748033f7426a053c4ac468a157d2512634e771fe', 'Principal Front-End Engineer', 'We are looking for an experienced Solutions Architect to join the team.', 'Techspace Consulting Limited', '4d ago', '4d ago'), ('https://www.seek.co.nz/job/58664317?type=standard#sol=11ca728b82799c7b38200b060fdc2195440362be', 'Principal Back-End Engineer', 'We are looking for an experienced Solutions Architect to join the team.', 'Techspace Consulting Limited', '4d ago', '4d ago'), ('https://www.seek.co.nz/job/58663921?type=standout#sol=a0e30af4afd5f09559d72a9fd275a3e3b0133c45', 'Senior Software Engineer - Data intensive apps', 'Big data/new toys. Join our software engineering team as we take our data-driven applications cloud-native with new platforms like Kafka & data lake..', 'Kiwibank', '4d ago', '4d ago'), ('https://www.seek.co.nz/job/58663472?type=standout#sol=1d50fc6e8dc72468b68b7f213bd696df966e057f', 'Test Automation  Engineer', 'Highly flexible work options, a competitive package, and an exceptional work environment.', 'Recruit I.T. Auckland', '4d ago', '4d ago'), ('https://www.seek.co.nz/job/58663244?type=standout#sol=2997a113dbb2183cd3ec769471a575b7d87b8860', 'Full Stack Developer', "Work with the BA's, QA, technical architects and other members of the IT and Business teams to efficiently develop software.", 'FLEETCOR - Leading global payment solutions', '4d ago', '4d ago')], 'query': 'python', 'site': 'seek', 'loc': 'auckland', 'search_pages': [('3', '3'), ('4', '4'), ('5', '5'), ('7', '7'), ('8', '8')], 'prev_page': [('5', 'Prev')], 'next_page': [('7', 'Next')], 'job_counts': '715'}]
"GET /seek?job=python&location=auckland&page=6 HTTP/1.1" 200 16100
File /Users/hai/Desktop/project2/python_search_engine/engine/views.py previous mtime: 1664866009.8384259, current mtime: 1664866062.7266417
/Users/hai/Desktop/project2/python_search_engine/engine/views.py notified as changed. Signal results: [(<function template_changed at 0x7fa9ebf65940>, None), (<function translation_file_changed at 0x7fa9ee1a4790>, None)].
/Users/hai/Desktop/project2/python_search_engine/engine/views.py changed, reloading.
